#
# There is insufficient memory for the Java Runtime Environment to continue.
# Native memory allocation (malloc) failed to allocate 861856 bytes for Chunk::new
# Possible reasons:
#   The system is out of physical RAM or swap space
#   The process is running with CompressedOops enabled, and the Java Heap may be blocking the growth of the native heap
# Possible solutions:
#   Reduce memory load on the system
#   Increase physical memory or swap space
#   Check if swap backing store is full
#   Decrease Java heap size (-Xmx/-Xms)
#   Decrease number of Java threads
#   Decrease Java thread stack sizes (-Xss)
#   Set larger code cache with -XX:ReservedCodeCacheSize=
#   JVM is running with Zero Based Compressed Oops mode in which the Java heap is
#     placed in the first 32GB address space. The Java Heap base address is the
#     maximum limit for the native heap growth. Please use -XX:HeapBaseMinAddress
#     to set the Java Heap base and to place the Java Heap above 32GB virtual address.
# This output file may be truncated or incomplete.
#
#  Out of Memory Error (t:/workspace/open/src/hotspot/share/memory/arena.cpp:198), pid=13216, tid=7620
#
# JRE version: Java(TM) SE Runtime Environment (10.0.2+13) (build 10.0.2+13)
# Java VM: Java HotSpot(TM) 64-Bit Server VM (10.0.2+13, mixed mode, tiered, compressed oops, g1 gc, windows-amd64)
# No core dump will be written. Minidumps are not enabled by default on client versions of Windows
#

---------------  S U M M A R Y ------------

Command Line: C:\Users\ADMINI~1\AppData\Local\Temp\surefire7614189063211933006\surefirebooter1469260302168833883.jar C:\Users\Administrator\AppData\Local\Temp\surefire7614189063211933006 2019-11-28T13-10-07_228-jvmRun1 surefire1867405571995280082tmp surefire_010274745917090365817tmp

Host: Intel(R) Xeon(R) CPU E5-2620 v4 @ 2.10GHz, 16 cores, 31G,  Windows 7 , 64 bit Build 7601 (6.1.7601.23915)
Time: Thu Nov 28 13:10:10 2019 ?D1¨²¡À¨º¡Á?¨º¡À?? elapsed time: 2 seconds (0d 0h 0m 2s)

---------------  T H R E A D  ---------------

Current thread (0x00000000378cb000):  JavaThread "C2 CompilerThread2" daemon [_thread_in_native, id=7620, stack(0x0000000038510000,0x0000000038610000)]


Current CompileTask:
C2:   2240 2410   !   4       jdk.internal.loader.BuiltinClassLoader::loadClassOrNull (143 bytes)

Stack: [0x0000000038510000,0x0000000038610000]
Native frames: (J=compiled Java code, j=interpreted, Vv=VM code, C=native code)
V  [jvm.dll+0x5a01a9]
V  [jvm.dll+0x6bcf31]
V  [jvm.dll+0x6be126]
V  [jvm.dll+0x6be7b3]
V  [jvm.dll+0x234978]
V  [jvm.dll+0xbb69c]
V  [jvm.dll+0xbbbac]
V  [jvm.dll+0x2a68e4]
V  [jvm.dll+0x4bf92a]
V  [jvm.dll+0x20161c]
V  [jvm.dll+0x1ff0a1]
V  [jvm.dll+0x17c94b]
V  [jvm.dll+0x20c8dd]
V  [jvm.dll+0x20b6a6]
V  [jvm.dll+0x68b7ff]
V  [jvm.dll+0x59f4b0]
C  [msvcr120.dll+0x24f7f]
C  [msvcr120.dll+0x25126]
C  [kernel32.dll+0x159cd]
C  [ntdll.dll+0x2a561]


---------------  P R O C E S S  ---------------

Threads class SMR info:
_java_thread_list=0x000000003bcfaa10, length=23, elements={
0x0000000001f06800, 0x000000003788e000, 0x000000003789b000, 0x00000000378b9800,
0x00000000378ba800, 0x00000000378be000, 0x00000000378c2800, 0x00000000378cb000,
0x00000000378d4000, 0x00000000378e9800, 0x00000000378f2000, 0x000000003791b000,
0x000000003791c000, 0x000000003791c800, 0x000000003791d800, 0x000000003791e000,
0x000000003791f000, 0x00000000379ed800, 0x000000003959a800, 0x00000000395a5000,
0x00000000395d3800, 0x0000000039898800, 0x000000003b453800
}

Java Threads: ( => current thread )
  0x0000000001f06800 JavaThread "main" [_thread_in_native, id=18660, stack(0x0000000002330000,0x0000000002430000)]
  0x000000003788e000 JavaThread "Reference Handler" daemon [_thread_blocked, id=12268, stack(0x0000000037cd0000,0x0000000037dd0000)]
  0x000000003789b000 JavaThread "Finalizer" daemon [_thread_blocked, id=4716, stack(0x0000000037dd0000,0x0000000037ed0000)]
  0x00000000378b9800 JavaThread "Signal Dispatcher" daemon [_thread_blocked, id=17636, stack(0x0000000037f20000,0x0000000038020000)]
  0x00000000378ba800 JavaThread "Attach Listener" daemon [_thread_blocked, id=18988, stack(0x00000000380b0000,0x00000000381b0000)]
  0x00000000378be000 JavaThread "C2 CompilerThread0" daemon [_thread_blocked, id=13008, stack(0x0000000038310000,0x0000000038410000)]
  0x00000000378c2800 JavaThread "C2 CompilerThread1" daemon [_thread_blocked, id=13984, stack(0x00000000381b0000,0x00000000382b0000)]
=>0x00000000378cb000 JavaThread "C2 CompilerThread2" daemon [_thread_in_native, id=7620, stack(0x0000000038510000,0x0000000038610000)]
  0x00000000378d4000 JavaThread "C2 CompilerThread3" daemon [_thread_blocked, id=6088, stack(0x0000000032e10000,0x0000000032f10000)]
  0x00000000378e9800 JavaThread "C2 CompilerThread4" daemon [_thread_blocked, id=10972, stack(0x00000000386e0000,0x00000000387e0000)]
  0x00000000378f2000 JavaThread "C2 CompilerThread5" daemon [_thread_blocked, id=9016, stack(0x0000000038870000,0x0000000038970000)]
  0x000000003791b000 JavaThread "C2 CompilerThread6" daemon [_thread_in_native, id=18680, stack(0x0000000038a60000,0x0000000038b60000)]
  0x000000003791c000 JavaThread "C2 CompilerThread7" daemon [_thread_blocked, id=11112, stack(0x0000000038b80000,0x0000000038c80000)]
  0x000000003791c800 JavaThread "C1 CompilerThread8" daemon [_thread_blocked, id=9752, stack(0x0000000038d50000,0x0000000038e50000)]
  0x000000003791d800 JavaThread "C1 CompilerThread9" daemon [_thread_blocked, id=17464, stack(0x0000000038fc0000,0x00000000390c0000)]
  0x000000003791e000 JavaThread "C1 CompilerThread10" daemon [_thread_blocked, id=18508, stack(0x0000000038eb0000,0x0000000038fb0000)]
  0x000000003791f000 JavaThread "C1 CompilerThread11" daemon [_thread_blocked, id=5340, stack(0x00000000391d0000,0x00000000392d0000)]
  0x00000000379ed800 JavaThread "Sweeper thread" daemon [_thread_blocked, id=14268, stack(0x00000000393f0000,0x00000000394f0000)]
  0x000000003959a800 JavaThread "Service Thread" daemon [_thread_blocked, id=12356, stack(0x0000000039cf0000,0x0000000039df0000)]
  0x00000000395a5000 JavaThread "Common-Cleaner" daemon [_thread_blocked, id=11516, stack(0x0000000039ed0000,0x0000000039fd0000)]
  0x00000000395d3800 JavaThread "surefire-forkedjvm-command-thread" daemon [_thread_in_native, id=11820, stack(0x000000003a420000,0x000000003a520000)]
  0x0000000039898800 JavaThread "surefire-forkedjvm-ping-30s" daemon [_thread_in_native, id=5836, stack(0x000000003a540000,0x000000003a640000)]
  0x000000003b453800 JavaThread "background-preinit" [_thread_blocked, id=10232, stack(0x00000000369c0000,0x0000000036ac0000)]

Other Threads:
  0x0000000037885800 VMThread "VM Thread" [stack: 0x0000000037b50000,0x0000000037c50000] [id=11948]
  0x00000000395a6000 WatcherThread [stack: 0x000000003a110000,0x000000003a210000] [id=15456]
  0x000000000016d000 GCTaskThread "GC Thread#0" [stack: 0x00000000026a0000,0x00000000027a0000] [id=2716]
  0x000000000016e800 GCTaskThread "GC Thread#1" [stack: 0x0000000002c60000,0x0000000002d60000] [id=18468]
  0x0000000000172800 GCTaskThread "GC Thread#2" [stack: 0x00000000027e0000,0x00000000028e0000] [id=11092]
  0x0000000000176000 GCTaskThread "GC Thread#3" [stack: 0x0000000002eb0000,0x0000000002fb0000] [id=7224]
  0x000000000017c800 GCTaskThread "GC Thread#4" [stack: 0x0000000002fd0000,0x00000000030d0000] [id=5752]
  0x000000000017e800 GCTaskThread "GC Thread#5" [stack: 0x0000000003180000,0x0000000003280000] [id=3028]
  0x000000000017f800 GCTaskThread "GC Thread#6" [stack: 0x00000000032a0000,0x00000000033a0000] [id=7960]
  0x0000000001f1a800 GCTaskThread "GC Thread#7" [stack: 0x00000000028f0000,0x00000000029f0000] [id=5240]
  0x0000000001f1b800 GCTaskThread "GC Thread#8" [stack: 0x0000000003530000,0x0000000003630000] [id=16156]
  0x0000000001f27000 GCTaskThread "GC Thread#9" [stack: 0x0000000003400000,0x0000000003500000] [id=7540]
  0x0000000001f27800 GCTaskThread "GC Thread#10" [stack: 0x0000000003650000,0x0000000003750000] [id=12968]
  0x0000000001f28800 GCTaskThread "GC Thread#11" [stack: 0x0000000002db0000,0x0000000002eb0000] [id=6116]
  0x0000000001f29800 GCTaskThread "GC Thread#12" [stack: 0x0000000003930000,0x0000000003a30000] [id=4596]
  0x0000000001f95800 ConcurrentGCThread "G1 Main Marker" [stack: 0x0000000007b70000,0x0000000007c70000] [id=9096]
  0x0000000001f98800 ConcurrentGCThread "G1 Conc#0" [stack: 0x0000000032b60000,0x0000000032c60000] [id=17540]
  0x0000000001f99800 ConcurrentGCThread "G1 Conc#1" [stack: 0x0000000032d10000,0x0000000032e10000] [id=11668]
  0x0000000001f9a000 ConcurrentGCThread "G1 Conc#2" [stack: 0x0000000032f10000,0x0000000033010000] [id=12124]
  0x00000000078b6800 ConcurrentGCThread "G1 Refine#0" [stack: 0x0000000035c20000,0x0000000035d20000] [id=10236]
  0x00000000078b7800 ConcurrentGCThread "G1 Refine#1" [stack: 0x0000000035ec0000,0x0000000035fc0000] [id=8152]
  0x00000000078ba000 ConcurrentGCThread "G1 Refine#2" [stack: 0x00000000360d0000,0x00000000361d0000] [id=3764]
  0x00000000078be000 ConcurrentGCThread "G1 Refine#3" [stack: 0x00000000362a0000,0x00000000363a0000] [id=8684]
  0x00000000078be800 ConcurrentGCThread "G1 Refine#4" [stack: 0x0000000035fc0000,0x00000000360c0000] [id=15316]
  0x00000000078c3800 ConcurrentGCThread "G1 Refine#5" [stack: 0x00000000363e0000,0x00000000364e0000] [id=3152]
  0x00000000078c6000 ConcurrentGCThread "G1 Refine#6" [stack: 0x0000000036540000,0x0000000036640000] [id=11436]
  0x00000000078c7800 ConcurrentGCThread "G1 Refine#7" [stack: 0x0000000035d20000,0x0000000035e20000] [id=1852]
  0x00000000078c8800 ConcurrentGCThread "G1 Refine#8" [stack: 0x0000000036650000,0x0000000036750000] [id=15496]
  0x00000000078c9000 ConcurrentGCThread "G1 Refine#9" [stack: 0x00000000368c0000,0x00000000369c0000] [id=10560]
  0x00000000078c9800 ConcurrentGCThread "G1 Refine#10" [stack: 0x0000000036af0000,0x0000000036bf0000] [id=7124]
  0x00000000078cc800 ConcurrentGCThread "G1 Refine#11" [stack: 0x00000000367c0000,0x00000000368c0000] [id=6600]
  0x00000000078cd000 ConcurrentGCThread "G1 Refine#12" [stack: 0x0000000036cb0000,0x0000000036db0000] [id=13308]
  0x00000000078cd800 ConcurrentGCThread "G1 Young RemSet Sampling" [stack: 0x0000000036e20000,0x0000000036f20000] [id=18796]

Threads with active compile tasks:
C2 CompilerThread22410   !   4       jdk.internal.loader.BuiltinClassLoader::loadClassOrNull (143 bytes)
C2 CompilerThread62483       4       java.lang.invoke.MethodType::makeImpl (108 bytes)

VM state:not at safepoint (normal execution)

VM Mutex/Monitor currently owned by a thread: None

Heap address: 0x00000005c1e00000, size: 8162 MB, Compressed Oops mode: Zero based, Oop shift amount: 3
Narrow klass base: 0x0000000000000000, Narrow klass shift: 3
Compressed class space size: 1073741824 Address: 0x00000007c0000000

Heap:
 garbage-first heap   total 524288K, used 65354K [0x00000005c1e00000, 0x00000007c0000000)
  region size 2048K, 30 young (61440K), 2 survivors (4096K)
 Metaspace       used 28517K, capacity 29098K, committed 29312K, reserved 1075200K
  class space    used 3178K, capacity 3424K, committed 3456K, reserved 1048576K
Heap Regions: E=young(eden), S=young(survivor), O=old, HS=humongous(starts), HC=humongous(continues), CS=collection set, F=free, A=archive, TS=gc time stamp, AC=allocation context, TAMS=top-at-mark-start (previous, next)
|   0|0x00000005c1e00000, 0x00000005c2000000, 0x00000005c2000000|100%| O|  |TS  0|AC  0|TAMS 0x00000005c2000000, 0x00000005c2000000|
|   1|0x00000005c2000000, 0x00000005c2200000, 0x00000005c2200000|100%| O|  |TS  0|AC  0|TAMS 0x00000005c2200000, 0x00000005c2200000|
|   2|0x00000005c2200000, 0x00000005c2400000, 0x00000005c2400000|100%| O|  |TS  0|AC  0|TAMS 0x00000005c2400000, 0x00000005c2400000|
|   3|0x00000005c2400000, 0x00000005c25bec00, 0x00000005c2600000| 87%| O|  |TS  0|AC  0|TAMS 0x00000005c25bec00, 0x00000005c25bec00|
|   4|0x00000005c2600000, 0x00000005c2600000, 0x00000005c2800000|  0%| F|  |TS  0|AC  0|TAMS 0x00000005c2600000, 0x00000005c2600000|
|   5|0x00000005c2800000, 0x00000005c2800000, 0x00000005c2a00000|  0%| F|  |TS  0|AC  0|TAMS 0x00000005c2800000, 0x00000005c2800000|
|   6|0x00000005c2a00000, 0x00000005c2a00000, 0x00000005c2c00000|  0%| F|  |TS  0|AC  0|TAMS 0x00000005c2a00000, 0x00000005c2a00000|
|   7|0x00000005c2c00000, 0x00000005c2c00000, 0x00000005c2e00000|  0%| F|  |TS  0|AC  0|TAMS 0x00000005c2c00000, 0x00000005c2c00000|
|   8|0x00000005c2e00000, 0x00000005c2e00000, 0x00000005c3000000|  0%| F|  |TS  0|AC  0|TAMS 0x00000005c2e00000, 0x00000005c2e00000|
|   9|0x00000005c3000000, 0x00000005c3000000, 0x00000005c3200000|  0%| F|  |TS  0|AC  0|TAMS 0x00000005c3000000, 0x00000005c3000000|
|  10|0x00000005c3200000, 0x00000005c3200000, 0x00000005c3400000|  0%| F|  |TS  0|AC  0|TAMS 0x00000005c3200000, 0x00000005c3200000|
|  11|0x00000005c3400000, 0x00000005c3400000, 0x00000005c3600000|  0%| F|  |TS  0|AC  0|TAMS 0x00000005c3400000, 0x00000005c3400000|
|  12|0x00000005c3600000, 0x00000005c3600000, 0x00000005c3800000|  0%| F|  |TS  0|AC  0|TAMS 0x00000005c3600000, 0x00000005c3600000|
|  13|0x00000005c3800000, 0x00000005c3800000, 0x00000005c3a00000|  0%| F|  |TS  0|AC  0|TAMS 0x00000005c3800000, 0x00000005c3800000|
|  14|0x00000005c3a00000, 0x00000005c3a00000, 0x00000005c3c00000|  0%| F|  |TS  0|AC  0|TAMS 0x00000005c3a00000, 0x00000005c3a00000|
|  15|0x00000005c3c00000, 0x00000005c3c00000, 0x00000005c3e00000|  0%| F|  |TS  0|AC  0|TAMS 0x00000005c3c00000, 0x00000005c3c00000|
|  16|0x00000005c3e00000, 0x00000005c3e00000, 0x00000005c4000000|  0%| F|  |TS  0|AC  0|TAMS 0x00000005c3e00000, 0x00000005c3e00000|
|  17|0x00000005c4000000, 0x00000005c4000000, 0x00000005c4200000|  0%| F|  |TS  0|AC  0|TAMS 0x00000005c4000000, 0x00000005c4000000|
|  18|0x00000005c4200000, 0x00000005c4200000, 0x00000005c4400000|  0%| F|  |TS  0|AC  0|TAMS 0x00000005c4200000, 0x00000005c4200000|
|  19|0x00000005c4400000, 0x00000005c4400000, 0x00000005c4600000|  0%| F|  |TS  0|AC  0|TAMS 0x00000005c4400000, 0x00000005c4400000|
|  20|0x00000005c4600000, 0x00000005c4600000, 0x00000005c4800000|  0%| F|  |TS  0|AC  0|TAMS 0x00000005c4600000, 0x00000005c4600000|
|  21|0x00000005c4800000, 0x00000005c4800000, 0x00000005c4a00000|  0%| F|  |TS  0|AC  0|TAMS 0x00000005c4800000, 0x00000005c4800000|
|  22|0x00000005c4a00000, 0x00000005c4a00000, 0x00000005c4c00000|  0%| F|  |TS  0|AC  0|TAMS 0x00000005c4a00000, 0x00000005c4a00000|
|  23|0x00000005c4c00000, 0x00000005c4c00000, 0x00000005c4e00000|  0%| F|  |TS  0|AC  0|TAMS 0x00000005c4c00000, 0x00000005c4c00000|
|  24|0x00000005c4e00000, 0x00000005c4e00000, 0x00000005c5000000|  0%| F|  |TS  0|AC  0|TAMS 0x00000005c4e00000, 0x00000005c4e00000|
|  25|0x00000005c5000000, 0x00000005c5000000, 0x00000005c5200000|  0%| F|  |TS  0|AC  0|TAMS 0x00000005c5000000, 0x00000005c5000000|
|  26|0x00000005c5200000, 0x00000005c5200000, 0x00000005c5400000|  0%| F|  |TS  0|AC  0|TAMS 0x00000005c5200000, 0x00000005c5200000|
|  27|0x00000005c5400000, 0x00000005c5400000, 0x00000005c5600000|  0%| F|  |TS  0|AC  0|TAMS 0x00000005c5400000, 0x00000005c5400000|
|  28|0x00000005c5600000, 0x00000005c5600000, 0x00000005c5800000|  0%| F|  |TS  0|AC  0|TAMS 0x00000005c5600000, 0x00000005c5600000|
|  29|0x00000005c5800000, 0x00000005c5800000, 0x00000005c5a00000|  0%| F|  |TS  0|AC  0|TAMS 0x00000005c5800000, 0x00000005c5800000|
|  30|0x00000005c5a00000, 0x00000005c5a00000, 0x00000005c5c00000|  0%| F|  |TS  0|AC  0|TAMS 0x00000005c5a00000, 0x00000005c5a00000|
|  31|0x00000005c5c00000, 0x00000005c5c00000, 0x00000005c5e00000|  0%| F|  |TS  0|AC  0|TAMS 0x00000005c5c00000, 0x00000005c5c00000|
|  32|0x00000005c5e00000, 0x00000005c5e00000, 0x00000005c6000000|  0%| F|  |TS  0|AC  0|TAMS 0x00000005c5e00000, 0x00000005c5e00000|
|  33|0x00000005c6000000, 0x00000005c6000000, 0x00000005c6200000|  0%| F|  |TS  0|AC  0|TAMS 0x00000005c6000000, 0x00000005c6000000|
|  34|0x00000005c6200000, 0x00000005c6200000, 0x00000005c6400000|  0%| F|  |TS  0|AC  0|TAMS 0x00000005c6200000, 0x00000005c6200000|
|  35|0x00000005c6400000, 0x00000005c6400000, 0x00000005c6600000|  0%| F|  |TS  0|AC  0|TAMS 0x00000005c6400000, 0x00000005c6400000|
|  36|0x00000005c6600000, 0x00000005c6600000, 0x00000005c6800000|  0%| F|  |TS  0|AC  0|TAMS 0x00000005c6600000, 0x00000005c6600000|
|  37|0x00000005c6800000, 0x00000005c6800000, 0x00000005c6a00000|  0%| F|  |TS  0|AC  0|TAMS 0x00000005c6800000, 0x00000005c6800000|
|  38|0x00000005c6a00000, 0x00000005c6a00000, 0x00000005c6c00000|  0%| F|  |TS  0|AC  0|TAMS 0x00000005c6a00000, 0x00000005c6a00000|
|  39|0x00000005c6c00000, 0x00000005c6c00000, 0x00000005c6e00000|  0%| F|  |TS  0|AC  0|TAMS 0x00000005c6c00000, 0x00000005c6c00000|
|  40|0x00000005c6e00000, 0x00000005c6e00000, 0x00000005c7000000|  0%| F|  |TS  0|AC  0|TAMS 0x00000005c6e00000, 0x00000005c6e00000|
|  41|0x00000005c7000000, 0x00000005c7000000, 0x00000005c7200000|  0%| F|  |TS  0|AC  0|TAMS 0x00000005c7000000, 0x00000005c7000000|
|  42|0x00000005c7200000, 0x00000005c7200000, 0x00000005c7400000|  0%| F|  |TS  0|AC  0|TAMS 0x00000005c7200000, 0x00000005c7200000|
|  43|0x00000005c7400000, 0x00000005c7400000, 0x00000005c7600000|  0%| F|  |TS  0|AC  0|TAMS 0x00000005c7400000, 0x00000005c7400000|
|  44|0x00000005c7600000, 0x00000005c7600000, 0x00000005c7800000|  0%| F|  |TS  0|AC  0|TAMS 0x00000005c7600000, 0x00000005c7600000|
|  45|0x00000005c7800000, 0x00000005c7800000, 0x00000005c7a00000|  0%| F|  |TS  0|AC  0|TAMS 0x00000005c7800000, 0x00000005c7800000|
|  46|0x00000005c7a00000, 0x00000005c7a00000, 0x00000005c7c00000|  0%| F|  |TS  0|AC  0|TAMS 0x00000005c7a00000, 0x00000005c7a00000|
|  47|0x00000005c7c00000, 0x00000005c7c00000, 0x00000005c7e00000|  0%| F|  |TS  0|AC  0|TAMS 0x00000005c7c00000, 0x00000005c7c00000|
|  48|0x00000005c7e00000, 0x00000005c7e00000, 0x00000005c8000000|  0%| F|  |TS  0|AC  0|TAMS 0x00000005c7e00000, 0x00000005c7e00000|
|  49|0x00000005c8000000, 0x00000005c8000000, 0x00000005c8200000|  0%| F|  |TS  0|AC  0|TAMS 0x00000005c8000000, 0x00000005c8000000|
|  50|0x00000005c8200000, 0x00000005c8200000, 0x00000005c8400000|  0%| F|  |TS  0|AC  0|TAMS 0x00000005c8200000, 0x00000005c8200000|
|  51|0x00000005c8400000, 0x00000005c8400000, 0x00000005c8600000|  0%| F|  |TS  0|AC  0|TAMS 0x00000005c8400000, 0x00000005c8400000|
|  52|0x00000005c8600000, 0x00000005c8600000, 0x00000005c8800000|  0%| F|  |TS  0|AC  0|TAMS 0x00000005c8600000, 0x00000005c8600000|
|  53|0x00000005c8800000, 0x00000005c8800000, 0x00000005c8a00000|  0%| F|  |TS  0|AC  0|TAMS 0x00000005c8800000, 0x00000005c8800000|
|  54|0x00000005c8a00000, 0x00000005c8a00000, 0x00000005c8c00000|  0%| F|  |TS  0|AC  0|TAMS 0x00000005c8a00000, 0x00000005c8a00000|
|  55|0x00000005c8c00000, 0x00000005c8c00000, 0x00000005c8e00000|  0%| F|  |TS  0|AC  0|TAMS 0x00000005c8c00000, 0x00000005c8c00000|
|  56|0x00000005c8e00000, 0x00000005c8e00000, 0x00000005c9000000|  0%| F|  |TS  0|AC  0|TAMS 0x00000005c8e00000, 0x00000005c8e00000|
|  57|0x00000005c9000000, 0x00000005c9000000, 0x00000005c9200000|  0%| F|  |TS  0|AC  0|TAMS 0x00000005c9000000, 0x00000005c9000000|
|  58|0x00000005c9200000, 0x00000005c9200000, 0x00000005c9400000|  0%| F|  |TS  0|AC  0|TAMS 0x00000005c9200000, 0x00000005c9200000|
|  59|0x00000005c9400000, 0x00000005c9400000, 0x00000005c9600000|  0%| F|  |TS  0|AC  0|TAMS 0x00000005c9400000, 0x00000005c9400000|
|  60|0x00000005c9600000, 0x00000005c9600000, 0x00000005c9800000|  0%| F|  |TS  0|AC  0|TAMS 0x00000005c9600000, 0x00000005c9600000|
|  61|0x00000005c9800000, 0x00000005c9800000, 0x00000005c9a00000|  0%| F|  |TS  0|AC  0|TAMS 0x00000005c9800000, 0x00000005c9800000|
|  62|0x00000005c9a00000, 0x00000005c9a00000, 0x00000005c9c00000|  0%| F|  |TS  0|AC  0|TAMS 0x00000005c9a00000, 0x00000005c9a00000|
|  63|0x00000005c9c00000, 0x00000005c9c00000, 0x00000005c9e00000|  0%| F|  |TS  0|AC  0|TAMS 0x00000005c9c00000, 0x00000005c9c00000|
|  64|0x00000005c9e00000, 0x00000005c9e00000, 0x00000005ca000000|  0%| F|  |TS  0|AC  0|TAMS 0x00000005c9e00000, 0x00000005c9e00000|
|  65|0x00000005ca000000, 0x00000005ca000000, 0x00000005ca200000|  0%| F|  |TS  0|AC  0|TAMS 0x00000005ca000000, 0x00000005ca000000|
|  66|0x00000005ca200000, 0x00000005ca200000, 0x00000005ca400000|  0%| F|  |TS  0|AC  0|TAMS 0x00000005ca200000, 0x00000005ca200000|
|  67|0x00000005ca400000, 0x00000005ca400000, 0x00000005ca600000|  0%| F|  |TS  0|AC  0|TAMS 0x00000005ca400000, 0x00000005ca400000|
|  68|0x00000005ca600000, 0x00000005ca600000, 0x00000005ca800000|  0%| F|  |TS  0|AC  0|TAMS 0x00000005ca600000, 0x00000005ca600000|
|  69|0x00000005ca800000, 0x00000005ca800000, 0x00000005caa00000|  0%| F|  |TS  0|AC  0|TAMS 0x00000005ca800000, 0x00000005ca800000|
|  70|0x00000005caa00000, 0x00000005caa00000, 0x00000005cac00000|  0%| F|  |TS  0|AC  0|TAMS 0x00000005caa00000, 0x00000005caa00000|
|  71|0x00000005cac00000, 0x00000005cac00000, 0x00000005cae00000|  0%| F|  |TS  0|AC  0|TAMS 0x00000005cac00000, 0x00000005cac00000|
|  72|0x00000005cae00000, 0x00000005cae00000, 0x00000005cb000000|  0%| F|  |TS  0|AC  0|TAMS 0x00000005cae00000, 0x00000005cae00000|
|  73|0x00000005cb000000, 0x00000005cb000000, 0x00000005cb200000|  0%| F|  |TS  0|AC  0|TAMS 0x00000005cb000000, 0x00000005cb000000|
|  74|0x00000005cb200000, 0x00000005cb200000, 0x00000005cb400000|  0%| F|  |TS  0|AC  0|TAMS 0x00000005cb200000, 0x00000005cb200000|
|  75|0x00000005cb400000, 0x00000005cb400000, 0x00000005cb600000|  0%| F|  |TS  0|AC  0|TAMS 0x00000005cb400000, 0x00000005cb400000|
|  76|0x00000005cb600000, 0x00000005cb600000, 0x00000005cb800000|  0%| F|  |TS  0|AC  0|TAMS 0x00000005cb600000, 0x00000005cb600000|
|  77|0x00000005cb800000, 0x00000005cb800000, 0x00000005cba00000|  0%| F|  |TS  0|AC  0|TAMS 0x00000005cb800000, 0x00000005cb800000|
|  78|0x00000005cba00000, 0x00000005cba00000, 0x00000005cbc00000|  0%| F|  |TS  0|AC  0|TAMS 0x00000005cba00000, 0x00000005cba00000|
|  79|0x00000005cbc00000, 0x00000005cbc00000, 0x00000005cbe00000|  0%| F|  |TS  0|AC  0|TAMS 0x00000005cbc00000, 0x00000005cbc00000|
|  80|0x00000005cbe00000, 0x00000005cbe00000, 0x00000005cc000000|  0%| F|  |TS  0|AC  0|TAMS 0x00000005cbe00000, 0x00000005cbe00000|
|  81|0x00000005cc000000, 0x00000005cc000000, 0x00000005cc200000|  0%| F|  |TS  0|AC  0|TAMS 0x00000005cc000000, 0x00000005cc000000|
|  82|0x00000005cc200000, 0x00000005cc200000, 0x00000005cc400000|  0%| F|  |TS  0|AC  0|TAMS 0x00000005cc200000, 0x00000005cc200000|
|  83|0x00000005cc400000, 0x00000005cc400000, 0x00000005cc600000|  0%| F|  |TS  0|AC  0|TAMS 0x00000005cc400000, 0x00000005cc400000|
|  84|0x00000005cc600000, 0x00000005cc600000, 0x00000005cc800000|  0%| F|  |TS  0|AC  0|TAMS 0x00000005cc600000, 0x00000005cc600000|
|  85|0x00000005cc800000, 0x00000005cc800000, 0x00000005cca00000|  0%| F|  |TS  0|AC  0|TAMS 0x00000005cc800000, 0x00000005cc800000|
|  86|0x00000005cca00000, 0x00000005cca00000, 0x00000005ccc00000|  0%| F|  |TS  0|AC  0|TAMS 0x00000005cca00000, 0x00000005cca00000|
|  87|0x00000005ccc00000, 0x00000005ccc00000, 0x00000005cce00000|  0%| F|  |TS  0|AC  0|TAMS 0x00000005ccc00000, 0x00000005ccc00000|
|  88|0x00000005cce00000, 0x00000005cce00000, 0x00000005cd000000|  0%| F|  |TS  0|AC  0|TAMS 0x00000005cce00000, 0x00000005cce00000|
|  89|0x00000005cd000000, 0x00000005cd000000, 0x00000005cd200000|  0%| F|  |TS  0|AC  0|TAMS 0x00000005cd000000, 0x00000005cd000000|
|  90|0x00000005cd200000, 0x00000005cd200000, 0x00000005cd400000|  0%| F|  |TS  0|AC  0|TAMS 0x00000005cd200000, 0x00000005cd200000|
|  91|0x00000005cd400000, 0x00000005cd400000, 0x00000005cd600000|  0%| F|  |TS  0|AC  0|TAMS 0x00000005cd400000, 0x00000005cd400000|
|  92|0x00000005cd600000, 0x00000005cd600000, 0x00000005cd800000|  0%| F|  |TS  0|AC  0|TAMS 0x00000005cd600000, 0x00000005cd600000|
|  93|0x00000005cd800000, 0x00000005cd800000, 0x00000005cda00000|  0%| F|  |TS  0|AC  0|TAMS 0x00000005cd800000, 0x00000005cd800000|
|  94|0x00000005cda00000, 0x00000005cda00000, 0x00000005cdc00000|  0%| F|  |TS  0|AC  0|TAMS 0x00000005cda00000, 0x00000005cda00000|
|  95|0x00000005cdc00000, 0x00000005cdc00000, 0x00000005cde00000|  0%| F|  |TS  0|AC  0|TAMS 0x00000005cdc00000, 0x00000005cdc00000|
|  96|0x00000005cde00000, 0x00000005cde00000, 0x00000005ce000000|  0%| F|  |TS  0|AC  0|TAMS 0x00000005cde00000, 0x00000005cde00000|
|  97|0x00000005ce000000, 0x00000005ce000000, 0x00000005ce200000|  0%| F|  |TS  0|AC  0|TAMS 0x00000005ce000000, 0x00000005ce000000|
|  98|0x00000005ce200000, 0x00000005ce200000, 0x00000005ce400000|  0%| F|  |TS  0|AC  0|TAMS 0x00000005ce200000, 0x00000005ce200000|
|  99|0x00000005ce400000, 0x00000005ce400000, 0x00000005ce600000|  0%| F|  |TS  0|AC  0|TAMS 0x00000005ce400000, 0x00000005ce400000|
| 100|0x00000005ce600000, 0x00000005ce600000, 0x00000005ce800000|  0%| F|  |TS  0|AC  0|TAMS 0x00000005ce600000, 0x00000005ce600000|
| 101|0x00000005ce800000, 0x00000005ce800000, 0x00000005cea00000|  0%| F|  |TS  0|AC  0|TAMS 0x00000005ce800000, 0x00000005ce800000|
| 102|0x00000005cea00000, 0x00000005cea00000, 0x00000005cec00000|  0%| F|  |TS  0|AC  0|TAMS 0x00000005cea00000, 0x00000005cea00000|
| 103|0x00000005cec00000, 0x00000005cec00000, 0x00000005cee00000|  0%| F|  |TS  0|AC  0|TAMS 0x00000005cec00000, 0x00000005cec00000|
| 104|0x00000005cee00000, 0x00000005cee00000, 0x00000005cf000000|  0%| F|  |TS  0|AC  0|TAMS 0x00000005cee00000, 0x00000005cee00000|
| 105|0x00000005cf000000, 0x00000005cf000000, 0x00000005cf200000|  0%| F|  |TS  0|AC  0|TAMS 0x00000005cf000000, 0x00000005cf000000|
| 106|0x00000005cf200000, 0x00000005cf200000, 0x00000005cf400000|  0%| F|  |TS  0|AC  0|TAMS 0x00000005cf200000, 0x00000005cf200000|
| 107|0x00000005cf400000, 0x00000005cf400000, 0x00000005cf600000|  0%| F|  |TS  0|AC  0|TAMS 0x00000005cf400000, 0x00000005cf400000|
| 108|0x00000005cf600000, 0x00000005cf600000, 0x00000005cf800000|  0%| F|  |TS  0|AC  0|TAMS 0x00000005cf600000, 0x00000005cf600000|
| 109|0x00000005cf800000, 0x00000005cf800000, 0x00000005cfa00000|  0%| F|  |TS  0|AC  0|TAMS 0x00000005cf800000, 0x00000005cf800000|
| 110|0x00000005cfa00000, 0x00000005cfa00000, 0x00000005cfc00000|  0%| F|  |TS  0|AC  0|TAMS 0x00000005cfa00000, 0x00000005cfa00000|
| 111|0x00000005cfc00000, 0x00000005cfc00000, 0x00000005cfe00000|  0%| F|  |TS  0|AC  0|TAMS 0x00000005cfc00000, 0x00000005cfc00000|
| 112|0x00000005cfe00000, 0x00000005cfe00000, 0x00000005d0000000|  0%| F|  |TS  0|AC  0|TAMS 0x00000005cfe00000, 0x00000005cfe00000|
| 113|0x00000005d0000000, 0x00000005d0000000, 0x00000005d0200000|  0%| F|  |TS  0|AC  0|TAMS 0x00000005d0000000, 0x00000005d0000000|
| 114|0x00000005d0200000, 0x00000005d0200000, 0x00000005d0400000|  0%| F|  |TS  0|AC  0|TAMS 0x00000005d0200000, 0x00000005d0200000|
| 115|0x00000005d0400000, 0x00000005d0400000, 0x00000005d0600000|  0%| F|  |TS  0|AC  0|TAMS 0x00000005d0400000, 0x00000005d0400000|
| 116|0x00000005d0600000, 0x00000005d0600000, 0x00000005d0800000|  0%| F|  |TS  0|AC  0|TAMS 0x00000005d0600000, 0x00000005d0600000|
| 117|0x00000005d0800000, 0x00000005d0800000, 0x00000005d0a00000|  0%| F|  |TS  0|AC  0|TAMS 0x00000005d0800000, 0x00000005d0800000|
| 118|0x00000005d0a00000, 0x00000005d0a00000, 0x00000005d0c00000|  0%| F|  |TS  0|AC  0|TAMS 0x00000005d0a00000, 0x00000005d0a00000|
| 119|0x00000005d0c00000, 0x00000005d0c00000, 0x00000005d0e00000|  0%| F|  |TS  0|AC  0|TAMS 0x00000005d0c00000, 0x00000005d0c00000|
| 120|0x00000005d0e00000, 0x00000005d0e00000, 0x00000005d1000000|  0%| F|  |TS  0|AC  0|TAMS 0x00000005d0e00000, 0x00000005d0e00000|
| 121|0x00000005d1000000, 0x00000005d1000000, 0x00000005d1200000|  0%| F|  |TS  0|AC  0|TAMS 0x00000005d1000000, 0x00000005d1000000|
| 122|0x00000005d1200000, 0x00000005d1200000, 0x00000005d1400000|  0%| F|  |TS  0|AC  0|TAMS 0x00000005d1200000, 0x00000005d1200000|
| 123|0x00000005d1400000, 0x00000005d1400000, 0x00000005d1600000|  0%| F|  |TS  0|AC  0|TAMS 0x00000005d1400000, 0x00000005d1400000|
| 124|0x00000005d1600000, 0x00000005d1600000, 0x00000005d1800000|  0%| F|  |TS  0|AC  0|TAMS 0x00000005d1600000, 0x00000005d1600000|
| 125|0x00000005d1800000, 0x00000005d1800000, 0x00000005d1a00000|  0%| F|  |TS  0|AC  0|TAMS 0x00000005d1800000, 0x00000005d1800000|
| 126|0x00000005d1a00000, 0x00000005d1a00000, 0x00000005d1c00000|  0%| F|  |TS  0|AC  0|TAMS 0x00000005d1a00000, 0x00000005d1a00000|
| 127|0x00000005d1c00000, 0x00000005d1c00000, 0x00000005d1e00000|  0%| F|  |TS  0|AC  0|TAMS 0x00000005d1c00000, 0x00000005d1c00000|
| 128|0x00000005d1e00000, 0x00000005d1e00000, 0x00000005d2000000|  0%| F|  |TS  0|AC  0|TAMS 0x00000005d1e00000, 0x00000005d1e00000|
| 129|0x00000005d2000000, 0x00000005d2000000, 0x00000005d2200000|  0%| F|  |TS  0|AC  0|TAMS 0x00000005d2000000, 0x00000005d2000000|
| 130|0x00000005d2200000, 0x00000005d2200000, 0x00000005d2400000|  0%| F|  |TS  0|AC  0|TAMS 0x00000005d2200000, 0x00000005d2200000|
| 131|0x00000005d2400000, 0x00000005d2400000, 0x00000005d2600000|  0%| F|  |TS  0|AC  0|TAMS 0x00000005d2400000, 0x00000005d2400000|
| 132|0x00000005d2600000, 0x00000005d2600000, 0x00000005d2800000|  0%| F|  |TS  0|AC  0|TAMS 0x00000005d2600000, 0x00000005d2600000|
| 133|0x00000005d2800000, 0x00000005d2800000, 0x00000005d2a00000|  0%| F|  |TS  0|AC  0|TAMS 0x00000005d2800000, 0x00000005d2800000|
| 134|0x00000005d2a00000, 0x00000005d2a00000, 0x00000005d2c00000|  0%| F|  |TS  0|AC  0|TAMS 0x00000005d2a00000, 0x00000005d2a00000|
| 135|0x00000005d2c00000, 0x00000005d2c00000, 0x00000005d2e00000|  0%| F|  |TS  0|AC  0|TAMS 0x00000005d2c00000, 0x00000005d2c00000|
| 136|0x00000005d2e00000, 0x00000005d2e00000, 0x00000005d3000000|  0%| F|  |TS  0|AC  0|TAMS 0x00000005d2e00000, 0x00000005d2e00000|
| 137|0x00000005d3000000, 0x00000005d3000000, 0x00000005d3200000|  0%| F|  |TS  0|AC  0|TAMS 0x00000005d3000000, 0x00000005d3000000|
| 138|0x00000005d3200000, 0x00000005d3200000, 0x00000005d3400000|  0%| F|  |TS  0|AC  0|TAMS 0x00000005d3200000, 0x00000005d3200000|
| 139|0x00000005d3400000, 0x00000005d3400000, 0x00000005d3600000|  0%| F|  |TS  0|AC  0|TAMS 0x00000005d3400000, 0x00000005d3400000|
| 140|0x00000005d3600000, 0x00000005d3600000, 0x00000005d3800000|  0%| F|  |TS  0|AC  0|TAMS 0x00000005d3600000, 0x00000005d3600000|
| 141|0x00000005d3800000, 0x00000005d3800000, 0x00000005d3a00000|  0%| F|  |TS  0|AC  0|TAMS 0x00000005d3800000, 0x00000005d3800000|
| 142|0x00000005d3a00000, 0x00000005d3a00000, 0x00000005d3c00000|  0%| F|  |TS  0|AC  0|TAMS 0x00000005d3a00000, 0x00000005d3a00000|
| 143|0x00000005d3c00000, 0x00000005d3c00000, 0x00000005d3e00000|  0%| F|  |TS  0|AC  0|TAMS 0x00000005d3c00000, 0x00000005d3c00000|
| 144|0x00000005d3e00000, 0x00000005d3e00000, 0x00000005d4000000|  0%| F|  |TS  0|AC  0|TAMS 0x00000005d3e00000, 0x00000005d3e00000|
| 145|0x00000005d4000000, 0x00000005d4000000, 0x00000005d4200000|  0%| F|  |TS  0|AC  0|TAMS 0x00000005d4000000, 0x00000005d4000000|
| 146|0x00000005d4200000, 0x00000005d4200000, 0x00000005d4400000|  0%| F|  |TS  0|AC  0|TAMS 0x00000005d4200000, 0x00000005d4200000|
| 147|0x00000005d4400000, 0x00000005d4400000, 0x00000005d4600000|  0%| F|  |TS  0|AC  0|TAMS 0x00000005d4400000, 0x00000005d4400000|
| 148|0x00000005d4600000, 0x00000005d4600000, 0x00000005d4800000|  0%| F|  |TS  0|AC  0|TAMS 0x00000005d4600000, 0x00000005d4600000|
| 149|0x00000005d4800000, 0x00000005d4800000, 0x00000005d4a00000|  0%| F|  |TS  0|AC  0|TAMS 0x00000005d4800000, 0x00000005d4800000|
| 150|0x00000005d4a00000, 0x00000005d4a00000, 0x00000005d4c00000|  0%| F|  |TS  0|AC  0|TAMS 0x00000005d4a00000, 0x00000005d4a00000|
| 151|0x00000005d4c00000, 0x00000005d4c00000, 0x00000005d4e00000|  0%| F|  |TS  0|AC  0|TAMS 0x00000005d4c00000, 0x00000005d4c00000|
| 152|0x00000005d4e00000, 0x00000005d4e00000, 0x00000005d5000000|  0%| F|  |TS  0|AC  0|TAMS 0x00000005d4e00000, 0x00000005d4e00000|
| 153|0x00000005d5000000, 0x00000005d5000000, 0x00000005d5200000|  0%| F|  |TS  0|AC  0|TAMS 0x00000005d5000000, 0x00000005d5000000|
| 154|0x00000005d5200000, 0x00000005d5200000, 0x00000005d5400000|  0%| F|  |TS  0|AC  0|TAMS 0x00000005d5200000, 0x00000005d5200000|
| 155|0x00000005d5400000, 0x00000005d5400000, 0x00000005d5600000|  0%| F|  |TS  0|AC  0|TAMS 0x00000005d5400000, 0x00000005d5400000|
| 156|0x00000005d5600000, 0x00000005d5600000, 0x00000005d5800000|  0%| F|  |TS  0|AC  0|TAMS 0x00000005d5600000, 0x00000005d5600000|
| 157|0x00000005d5800000, 0x00000005d5800000, 0x00000005d5a00000|  0%| F|  |TS  0|AC  0|TAMS 0x00000005d5800000, 0x00000005d5800000|
| 158|0x00000005d5a00000, 0x00000005d5a00000, 0x00000005d5c00000|  0%| F|  |TS  0|AC  0|TAMS 0x00000005d5a00000, 0x00000005d5a00000|
| 159|0x00000005d5c00000, 0x00000005d5c00000, 0x00000005d5e00000|  0%| F|  |TS  0|AC  0|TAMS 0x00000005d5c00000, 0x00000005d5c00000|
| 160|0x00000005d5e00000, 0x00000005d5e00000, 0x00000005d6000000|  0%| F|  |TS  0|AC  0|TAMS 0x00000005d5e00000, 0x00000005d5e00000|
| 161|0x00000005d6000000, 0x00000005d6000000, 0x00000005d6200000|  0%| F|  |TS  0|AC  0|TAMS 0x00000005d6000000, 0x00000005d6000000|
| 162|0x00000005d6200000, 0x00000005d6200000, 0x00000005d6400000|  0%| F|  |TS  0|AC  0|TAMS 0x00000005d6200000, 0x00000005d6200000|
| 163|0x00000005d6400000, 0x00000005d6400000, 0x00000005d6600000|  0%| F|  |TS  0|AC  0|TAMS 0x00000005d6400000, 0x00000005d6400000|
| 164|0x00000005d6600000, 0x00000005d6600000, 0x00000005d6800000|  0%| F|  |TS  0|AC  0|TAMS 0x00000005d6600000, 0x00000005d6600000|
| 165|0x00000005d6800000, 0x00000005d6800000, 0x00000005d6a00000|  0%| F|  |TS  0|AC  0|TAMS 0x00000005d6800000, 0x00000005d6800000|
| 166|0x00000005d6a00000, 0x00000005d6a00000, 0x00000005d6c00000|  0%| F|  |TS  0|AC  0|TAMS 0x00000005d6a00000, 0x00000005d6a00000|
| 167|0x00000005d6c00000, 0x00000005d6c00000, 0x00000005d6e00000|  0%| F|  |TS  0|AC  0|TAMS 0x00000005d6c00000, 0x00000005d6c00000|
| 168|0x00000005d6e00000, 0x00000005d6e00000, 0x00000005d7000000|  0%| F|  |TS  0|AC  0|TAMS 0x00000005d6e00000, 0x00000005d6e00000|
| 169|0x00000005d7000000, 0x00000005d7000000, 0x00000005d7200000|  0%| F|  |TS  0|AC  0|TAMS 0x00000005d7000000, 0x00000005d7000000|
| 170|0x00000005d7200000, 0x00000005d7200000, 0x00000005d7400000|  0%| F|  |TS  0|AC  0|TAMS 0x00000005d7200000, 0x00000005d7200000|
| 171|0x00000005d7400000, 0x00000005d7400000, 0x00000005d7600000|  0%| F|  |TS  0|AC  0|TAMS 0x00000005d7400000, 0x00000005d7400000|
| 172|0x00000005d7600000, 0x00000005d7600000, 0x00000005d7800000|  0%| F|  |TS  0|AC  0|TAMS 0x00000005d7600000, 0x00000005d7600000|
| 173|0x00000005d7800000, 0x00000005d7800000, 0x00000005d7a00000|  0%| F|  |TS  0|AC  0|TAMS 0x00000005d7800000, 0x00000005d7800000|
| 174|0x00000005d7a00000, 0x00000005d7a00000, 0x00000005d7c00000|  0%| F|  |TS  0|AC  0|TAMS 0x00000005d7a00000, 0x00000005d7a00000|
| 175|0x00000005d7c00000, 0x00000005d7c00000, 0x00000005d7e00000|  0%| F|  |TS  0|AC  0|TAMS 0x00000005d7c00000, 0x00000005d7c00000|
| 176|0x00000005d7e00000, 0x00000005d7e00000, 0x00000005d8000000|  0%| F|  |TS  0|AC  0|TAMS 0x00000005d7e00000, 0x00000005d7e00000|
| 177|0x00000005d8000000, 0x00000005d8000000, 0x00000005d8200000|  0%| F|  |TS  0|AC  0|TAMS 0x00000005d8000000, 0x00000005d8000000|
| 178|0x00000005d8200000, 0x00000005d8200000, 0x00000005d8400000|  0%| F|  |TS  0|AC  0|TAMS 0x00000005d8200000, 0x00000005d8200000|
| 179|0x00000005d8400000, 0x00000005d8400000, 0x00000005d8600000|  0%| F|  |TS  0|AC  0|TAMS 0x00000005d8400000, 0x00000005d8400000|
| 180|0x00000005d8600000, 0x00000005d8600000, 0x00000005d8800000|  0%| F|  |TS  0|AC  0|TAMS 0x00000005d8600000, 0x00000005d8600000|
| 181|0x00000005d8800000, 0x00000005d8800000, 0x00000005d8a00000|  0%| F|  |TS  0|AC  0|TAMS 0x00000005d8800000, 0x00000005d8800000|
| 182|0x00000005d8a00000, 0x00000005d8a00000, 0x00000005d8c00000|  0%| F|  |TS  0|AC  0|TAMS 0x00000005d8a00000, 0x00000005d8a00000|
| 183|0x00000005d8c00000, 0x00000005d8c00000, 0x00000005d8e00000|  0%| F|  |TS  0|AC  0|TAMS 0x00000005d8c00000, 0x00000005d8c00000|
| 184|0x00000005d8e00000, 0x00000005d8e00000, 0x00000005d9000000|  0%| F|  |TS  0|AC  0|TAMS 0x00000005d8e00000, 0x00000005d8e00000|
| 185|0x00000005d9000000, 0x00000005d9000000, 0x00000005d9200000|  0%| F|  |TS  0|AC  0|TAMS 0x00000005d9000000, 0x00000005d9000000|
| 186|0x00000005d9200000, 0x00000005d9200000, 0x00000005d9400000|  0%| F|  |TS  0|AC  0|TAMS 0x00000005d9200000, 0x00000005d9200000|
| 187|0x00000005d9400000, 0x00000005d9400000, 0x00000005d9600000|  0%| F|  |TS  0|AC  0|TAMS 0x00000005d9400000, 0x00000005d9400000|
| 188|0x00000005d9600000, 0x00000005d9600000, 0x00000005d9800000|  0%| F|  |TS  0|AC  0|TAMS 0x00000005d9600000, 0x00000005d9600000|
| 189|0x00000005d9800000, 0x00000005d9800000, 0x00000005d9a00000|  0%| F|  |TS  0|AC  0|TAMS 0x00000005d9800000, 0x00000005d9800000|
| 190|0x00000005d9a00000, 0x00000005d9a00000, 0x00000005d9c00000|  0%| F|  |TS  0|AC  0|TAMS 0x00000005d9a00000, 0x00000005d9a00000|
| 191|0x00000005d9c00000, 0x00000005d9c00000, 0x00000005d9e00000|  0%| F|  |TS  0|AC  0|TAMS 0x00000005d9c00000, 0x00000005d9c00000|
| 192|0x00000005d9e00000, 0x00000005d9e00000, 0x00000005da000000|  0%| F|  |TS  0|AC  0|TAMS 0x00000005d9e00000, 0x00000005d9e00000|
| 193|0x00000005da000000, 0x00000005da000000, 0x00000005da200000|  0%| F|  |TS  0|AC  0|TAMS 0x00000005da000000, 0x00000005da000000|
| 194|0x00000005da200000, 0x00000005da200000, 0x00000005da400000|  0%| F|  |TS  0|AC  0|TAMS 0x00000005da200000, 0x00000005da200000|
| 195|0x00000005da400000, 0x00000005da400000, 0x00000005da600000|  0%| F|  |TS  0|AC  0|TAMS 0x00000005da400000, 0x00000005da400000|
| 196|0x00000005da600000, 0x00000005da600000, 0x00000005da800000|  0%| F|  |TS  0|AC  0|TAMS 0x00000005da600000, 0x00000005da600000|
| 197|0x00000005da800000, 0x00000005da800000, 0x00000005daa00000|  0%| F|  |TS  0|AC  0|TAMS 0x00000005da800000, 0x00000005da800000|
| 198|0x00000005daa00000, 0x00000005daa00000, 0x00000005dac00000|  0%| F|  |TS  0|AC  0|TAMS 0x00000005daa00000, 0x00000005daa00000|
| 199|0x00000005dac00000, 0x00000005dac00000, 0x00000005dae00000|  0%| F|  |TS  0|AC  0|TAMS 0x00000005dac00000, 0x00000005dac00000|
| 200|0x00000005dae00000, 0x00000005dae00000, 0x00000005db000000|  0%| F|  |TS  0|AC  0|TAMS 0x00000005dae00000, 0x00000005dae00000|
| 201|0x00000005db000000, 0x00000005db000000, 0x00000005db200000|  0%| F|  |TS  0|AC  0|TAMS 0x00000005db000000, 0x00000005db000000|
| 202|0x00000005db200000, 0x00000005db200000, 0x00000005db400000|  0%| F|  |TS  0|AC  0|TAMS 0x00000005db200000, 0x00000005db200000|
| 203|0x00000005db400000, 0x00000005db400000, 0x00000005db600000|  0%| F|  |TS  0|AC  0|TAMS 0x00000005db400000, 0x00000005db400000|
| 204|0x00000005db600000, 0x00000005db600000, 0x00000005db800000|  0%| F|  |TS  0|AC  0|TAMS 0x00000005db600000, 0x00000005db600000|
| 205|0x00000005db800000, 0x00000005db800000, 0x00000005dba00000|  0%| F|  |TS  0|AC  0|TAMS 0x00000005db800000, 0x00000005db800000|
| 206|0x00000005dba00000, 0x00000005dba00000, 0x00000005dbc00000|  0%| F|  |TS  0|AC  0|TAMS 0x00000005dba00000, 0x00000005dba00000|
| 207|0x00000005dbc00000, 0x00000005dbc00000, 0x00000005dbe00000|  0%| F|  |TS  0|AC  0|TAMS 0x00000005dbc00000, 0x00000005dbc00000|
| 208|0x00000005dbe00000, 0x00000005dbe00000, 0x00000005dc000000|  0%| F|  |TS  0|AC  0|TAMS 0x00000005dbe00000, 0x00000005dbe00000|
| 209|0x00000005dc000000, 0x00000005dc000000, 0x00000005dc200000|  0%| F|  |TS  0|AC  0|TAMS 0x00000005dc000000, 0x00000005dc000000|
| 210|0x00000005dc200000, 0x00000005dc200000, 0x00000005dc400000|  0%| F|  |TS  0|AC  0|TAMS 0x00000005dc200000, 0x00000005dc200000|
| 211|0x00000005dc400000, 0x00000005dc400000, 0x00000005dc600000|  0%| F|  |TS  0|AC  0|TAMS 0x00000005dc400000, 0x00000005dc400000|
| 212|0x00000005dc600000, 0x00000005dc600000, 0x00000005dc800000|  0%| F|  |TS  0|AC  0|TAMS 0x00000005dc600000, 0x00000005dc600000|
| 213|0x00000005dc800000, 0x00000005dc800000, 0x00000005dca00000|  0%| F|  |TS  0|AC  0|TAMS 0x00000005dc800000, 0x00000005dc800000|
| 214|0x00000005dca00000, 0x00000005dca00000, 0x00000005dcc00000|  0%| F|  |TS  0|AC  0|TAMS 0x00000005dca00000, 0x00000005dca00000|
| 215|0x00000005dcc00000, 0x00000005dcc00000, 0x00000005dce00000|  0%| F|  |TS  0|AC  0|TAMS 0x00000005dcc00000, 0x00000005dcc00000|
| 216|0x00000005dce00000, 0x00000005dce00000, 0x00000005dd000000|  0%| F|  |TS  0|AC  0|TAMS 0x00000005dce00000, 0x00000005dce00000|
| 217|0x00000005dd000000, 0x00000005dd000000, 0x00000005dd200000|  0%| F|  |TS  0|AC  0|TAMS 0x00000005dd000000, 0x00000005dd000000|
| 218|0x00000005dd200000, 0x00000005dd200000, 0x00000005dd400000|  0%| F|  |TS  0|AC  0|TAMS 0x00000005dd200000, 0x00000005dd200000|
| 219|0x00000005dd400000, 0x00000005dd400000, 0x00000005dd600000|  0%| F|  |TS  0|AC  0|TAMS 0x00000005dd400000, 0x00000005dd400000|
| 220|0x00000005dd600000, 0x00000005dd600000, 0x00000005dd800000|  0%| F|  |TS  0|AC  0|TAMS 0x00000005dd600000, 0x00000005dd600000|
| 221|0x00000005dd800000, 0x00000005dd800000, 0x00000005dda00000|  0%| F|  |TS  0|AC  0|TAMS 0x00000005dd800000, 0x00000005dd800000|
| 222|0x00000005dda00000, 0x00000005dda00000, 0x00000005ddc00000|  0%| F|  |TS  0|AC  0|TAMS 0x00000005dda00000, 0x00000005dda00000|
| 223|0x00000005ddc00000, 0x00000005ddc00000, 0x00000005dde00000|  0%| F|  |TS  0|AC  0|TAMS 0x00000005ddc00000, 0x00000005ddc00000|
| 224|0x00000005dde00000, 0x00000005dde00000, 0x00000005de000000|  0%| F|  |TS  0|AC  0|TAMS 0x00000005dde00000, 0x00000005dde00000|
| 225|0x00000005de000000, 0x00000005de000000, 0x00000005de200000|  0%| F|  |TS  0|AC  0|TAMS 0x00000005de000000, 0x00000005de000000|
| 226|0x00000005de200000, 0x00000005de38c210, 0x00000005de400000| 77%| E|  |TS  0|AC  0|TAMS 0x00000005de200000, 0x00000005de200000|
| 227|0x00000005de400000, 0x00000005de600000, 0x00000005de600000|100%| E|CS|TS  0|AC  0|TAMS 0x00000005de400000, 0x00000005de400000|
| 228|0x00000005de600000, 0x00000005de800000, 0x00000005de800000|100%| E|CS|TS  0|AC  0|TAMS 0x00000005de600000, 0x00000005de600000|
| 229|0x00000005de800000, 0x00000005dea00000, 0x00000005dea00000|100%| E|CS|TS  0|AC  0|TAMS 0x00000005de800000, 0x00000005de800000|
| 230|0x00000005dea00000, 0x00000005dec00000, 0x00000005dec00000|100%| E|CS|TS  0|AC  0|TAMS 0x00000005dea00000, 0x00000005dea00000|
| 231|0x00000005dec00000, 0x00000005dee00000, 0x00000005dee00000|100%| E|CS|TS  0|AC  0|TAMS 0x00000005dec00000, 0x00000005dec00000|
| 232|0x00000005dee00000, 0x00000005df000000, 0x00000005df000000|100%| E|CS|TS  0|AC  0|TAMS 0x00000005dee00000, 0x00000005dee00000|
| 233|0x00000005df000000, 0x00000005df200000, 0x00000005df200000|100%| E|CS|TS  0|AC  0|TAMS 0x00000005df000000, 0x00000005df000000|
| 234|0x00000005df200000, 0x00000005df400000, 0x00000005df400000|100%| E|CS|TS  0|AC  0|TAMS 0x00000005df200000, 0x00000005df200000|
| 235|0x00000005df400000, 0x00000005df600000, 0x00000005df600000|100%| E|CS|TS  0|AC  0|TAMS 0x00000005df400000, 0x00000005df400000|
| 236|0x00000005df600000, 0x00000005df800000, 0x00000005df800000|100%| E|CS|TS  0|AC  0|TAMS 0x00000005df600000, 0x00000005df600000|
| 237|0x00000005df800000, 0x00000005dfa00000, 0x00000005dfa00000|100%| E|CS|TS  0|AC  0|TAMS 0x00000005df800000, 0x00000005df800000|
| 238|0x00000005dfa00000, 0x00000005dfc00000, 0x00000005dfc00000|100%| E|CS|TS  0|AC  0|TAMS 0x00000005dfa00000, 0x00000005dfa00000|
| 239|0x00000005dfc00000, 0x00000005dfe00000, 0x00000005dfe00000|100%| E|CS|TS  0|AC  0|TAMS 0x00000005dfc00000, 0x00000005dfc00000|
| 240|0x00000005dfe00000, 0x00000005e0000000, 0x00000005e0000000|100%| E|CS|TS  0|AC  0|TAMS 0x00000005dfe00000, 0x00000005dfe00000|
| 241|0x00000005e0000000, 0x00000005e0013fb0, 0x00000005e0200000|  3%| S|CS|TS  0|AC  0|TAMS 0x00000005e0000000, 0x00000005e0000000|
| 242|0x00000005e0200000, 0x00000005e0400000, 0x00000005e0400000|100%| S|CS|TS  0|AC  0|TAMS 0x00000005e0200000, 0x00000005e0200000|
| 243|0x00000005e0400000, 0x00000005e0600000, 0x00000005e0600000|100%| E|CS|TS  0|AC  0|TAMS 0x00000005e0400000, 0x00000005e0400000|
| 244|0x00000005e0600000, 0x00000005e0800000, 0x00000005e0800000|100%| E|CS|TS  0|AC  0|TAMS 0x00000005e0600000, 0x00000005e0600000|
| 245|0x00000005e0800000, 0x00000005e0a00000, 0x00000005e0a00000|100%| E|CS|TS  0|AC  0|TAMS 0x00000005e0800000, 0x00000005e0800000|
| 246|0x00000005e0a00000, 0x00000005e0c00000, 0x00000005e0c00000|100%| E|CS|TS  0|AC  0|TAMS 0x00000005e0a00000, 0x00000005e0a00000|
| 247|0x00000005e0c00000, 0x00000005e0e00000, 0x00000005e0e00000|100%| E|CS|TS  0|AC  0|TAMS 0x00000005e0c00000, 0x00000005e0c00000|
| 248|0x00000005e0e00000, 0x00000005e1000000, 0x00000005e1000000|100%| E|CS|TS  0|AC  0|TAMS 0x00000005e0e00000, 0x00000005e0e00000|
| 249|0x00000005e1000000, 0x00000005e1200000, 0x00000005e1200000|100%| E|CS|TS  0|AC  0|TAMS 0x00000005e1000000, 0x00000005e1000000|
| 250|0x00000005e1200000, 0x00000005e1400000, 0x00000005e1400000|100%| E|CS|TS  0|AC  0|TAMS 0x00000005e1200000, 0x00000005e1200000|
| 251|0x00000005e1400000, 0x00000005e1600000, 0x00000005e1600000|100%| E|CS|TS  0|AC  0|TAMS 0x00000005e1400000, 0x00000005e1400000|
| 252|0x00000005e1600000, 0x00000005e1800000, 0x00000005e1800000|100%| E|CS|TS  0|AC  0|TAMS 0x00000005e1600000, 0x00000005e1600000|
| 253|0x00000005e1800000, 0x00000005e1a00000, 0x00000005e1a00000|100%| E|CS|TS  0|AC  0|TAMS 0x00000005e1800000, 0x00000005e1800000|
| 254|0x00000005e1a00000, 0x00000005e1c00000, 0x00000005e1c00000|100%| E|CS|TS  0|AC  0|TAMS 0x00000005e1a00000, 0x00000005e1a00000|
| 255|0x00000005e1c00000, 0x00000005e1e00000, 0x00000005e1e00000|100%| E|CS|TS  0|AC  0|TAMS 0x00000005e1c00000, 0x00000005e1c00000|

Card table byte_map: [0x00000000056f0000,0x00000000066f0000] byte_map_base: 0x00000000028e1000

Marking Bits (Prev, Next): (CMBitMap*) 0x0000000001f94f58, (CMBitMap*) 0x0000000001f94f20
 Prev Bits: [0x000000002aa30000, 0x00000000329b8000)
 Next Bits: [0x0000000022aa0000, 0x000000002aa28000)

Polling page: 0x0000000000180000

CodeHeap 'non-profiled nmethods': size=119168Kb used=1099Kb max_used=1099Kb free=118068Kb
 bounds [0x000000001b640000, 0x000000001b8b0000, 0x0000000022aa0000]
CodeHeap 'profiled nmethods': size=119168Kb used=4765Kb max_used=4765Kb free=114402Kb
 bounds [0x00000000141e0000, 0x0000000014690000, 0x000000001b640000]
CodeHeap 'non-nmethods': size=7424Kb used=2809Kb max_used=2894Kb free=4614Kb
 bounds [0x0000000013aa0000, 0x0000000013d80000, 0x00000000141e0000]
 total_blobs=3553 nmethods=2332 adapters=367
 compilation: enabled

Compilation events (10 events):
Event: 2.188 Thread 0x000000003791c800 nmethod 2434 0x000000001464b690 code [0x000000001464b840, 0x000000001464b9c8]
Event: 2.188 Thread 0x000000003791e000 nmethod 2435 0x000000001464ba90 code [0x000000001464bd00, 0x000000001464c648]
Event: 2.190 Thread 0x000000003791b000 nmethod 2141 0x000000001b72a610 code [0x000000001b72b8a0, 0x000000001b731270]
Event: 2.199 Thread 0x00000000378c2800 2436       4       java.util.jar.Attributes$Name::hashCode (30 bytes)
Event: 2.200 Thread 0x000000003791c800 2437       3       jdk.internal.loader.ClassLoaders::platformClassLoader (4 bytes)
Event: 2.200 Thread 0x000000003791c800 nmethod 2437 0x00000000142c5d10 code [0x00000000142c5ec0, 0x00000000142c5ff0]
Event: 2.200 Thread 0x000000003791d800 2438   !   3       jdk.internal.loader.AbstractClassLoaderValue::computeIfAbsent (113 bytes)
Event: 2.200 Thread 0x000000003791c800 2439       3       java.lang.reflect.Proxy::newProxyInstance (35 bytes)
Event: 2.201 Thread 0x000000003791f000 2440       3       java.lang.reflect.Proxy::getProxyConstructor (92 bytes)
Event: 2.201 Thread 0x000000003791e000 2441   !   3       java.lang.reflect.Proxy::newProxyInstance (75 bytes)

GC Heap History (6 events):
Event: 0.986 GC heap before
{Heap before GC invocations=0 (full 0):
 garbage-first heap   total 524288K, used 24576K [0x00000005c1e00000, 0x00000007c0000000)
  region size 2048K, 12 young (24576K), 0 survivors (0K)
 Metaspace       used 12083K, capacity 12339K, committed 12544K, reserved 1060864K
  class space    used 1109K, capacity 1209K, committed 1280K, reserved 1048576K
}
Event: 0.991 GC heap after
{Heap after GC invocations=1 (full 0):
 garbage-first heap   total 524288K, used 7971K [0x00000005c1e00000, 0x00000007c0000000)
  region size 2048K, 2 young (4096K), 2 survivors (4096K)
 Metaspace       used 12083K, capacity 12339K, committed 12544K, reserved 1060864K
  class space    used 1109K, capacity 1209K, committed 1280K, reserved 1048576K
}
Event: 1.516 GC heap before
{Heap before GC invocations=1 (full 0):
 garbage-first heap   total 524288K, used 28451K [0x00000005c1e00000, 0x00000007c0000000)
  region size 2048K, 12 young (24576K), 2 survivors (4096K)
 Metaspace       used 17036K, capacity 17301K, committed 17408K, reserved 1064960K
  class space    used 1689K, capacity 1781K, committed 1792K, reserved 1048576K
}
Event: 1.521 GC heap after
{Heap after GC invocations=2 (full 0):
 garbage-first heap   total 524288K, used 9095K [0x00000005c1e00000, 0x00000007c0000000)
  region size 2048K, 1 young (2048K), 1 survivors (2048K)
 Metaspace       used 17036K, capacity 17301K, committed 17408K, reserved 1064960K
  class space    used 1689K, capacity 1781K, committed 1792K, reserved 1048576K
}
Event: 1.732 GC heap before
{Heap before GC invocations=2 (full 0):
 garbage-first heap   total 524288K, used 31623K [0x00000005c1e00000, 0x00000007c0000000)
  region size 2048K, 13 young (26624K), 1 survivors (2048K)
 Metaspace       used 20728K, capacity 21034K, committed 21296K, reserved 1069056K
  class space    used 2233K, capacity 2371K, committed 2432K, reserved 1048576K
}
Event: 1.735 GC heap after
{Heap after GC invocations=3 (full 0):
 garbage-first heap   total 524288K, used 10058K [0x00000005c1e00000, 0x00000007c0000000)
  region size 2048K, 2 young (4096K), 2 survivors (4096K)
 Metaspace       used 20728K, capacity 21034K, committed 21296K, reserved 1069056K
  class space    used 2233K, capacity 2371K, committed 2432K, reserved 1048576K
}

Deoptimization events (10 events):
Event: 1.632 Thread 0x000000003b453800 Uncommon trap: reason=unstable_if action=reinterpret pc=0x000000001b6dbd44 method=java.nio.Buffer.limit(I)Ljava/nio/Buffer; @ 45 c2
Event: 1.673 Thread 0x0000000001f06800 Uncommon trap: reason=unstable_if action=reinterpret pc=0x000000001b6a2a88 method=java.util.concurrent.ConcurrentHashMap.addCount(JI)V @ 168 c2
Event: 1.698 Thread 0x0000000001f06800 Uncommon trap: reason=unstable_if action=reinterpret pc=0x000000001b6e7620 method=java.net.URL.<init>(Ljava/net/URL;Ljava/lang/String;Ljava/net/URLStreamHandler;)V @ 347 c2
Event: 1.717 Thread 0x0000000001f06800 Uncommon trap: reason=unstable_if action=reinterpret pc=0x000000001b6f5940 method=java.util.concurrent.ConcurrentHashMap.transfer([Ljava/util/concurrent/ConcurrentHashMap$Node;[Ljava/util/concurrent/ConcurrentHashMap$Node;)V @ 273 c2
Event: 1.776 Thread 0x0000000001f06800 Uncommon trap: reason=unstable_if action=reinterpret pc=0x000000001b6d9330 method=jdk.internal.org.objectweb.asm.Type.getArgumentsAndReturnSizes(Ljava/lang/String;)I @ 130 c2
Event: 1.830 Thread 0x0000000001f06800 Uncommon trap: reason=unstable_if action=reinterpret pc=0x000000001b6abddc method=java.util.HashMap.hash(Ljava/lang/Object;)I @ 1 c2
Event: 1.864 Thread 0x000000003b453800 Uncommon trap: reason=bimorphic_or_optimized_type_check action=maybe_recompile pc=0x000000001b69623c method=java.util.HashMap.putVal(ILjava/lang/Object;Ljava/lang/Object;ZZ)Ljava/lang/Object; @ 203 c2
Event: 1.866 Thread 0x000000003b453800 Uncommon trap: reason=bimorphic_or_optimized_type_check action=maybe_recompile pc=0x000000001b69623c method=java.util.HashMap.putVal(ILjava/lang/Object;Ljava/lang/Object;ZZ)Ljava/lang/Object; @ 203 c2
Event: 1.984 Thread 0x0000000001f06800 Uncommon trap: reason=unstable_if action=reinterpret pc=0x000000001b6da02c method=java.lang.StringUTF16.compress([CII)[B @ 13 c2
Event: 1.985 Thread 0x0000000001f06800 Uncommon trap: reason=unstable_if action=reinterpret pc=0x000000001b65a3d4 method=java.lang.StringUTF16.compress([CI[BII)I @ 20 c2

Classes redefined (0 events):
No events

Internal exceptions (10 events):
Event: 1.944 Thread 0x0000000001f06800 Exception <a 'java/lang/ClassNotFoundException'{0x00000005e0948e38}: org/springframework/beans/factory/config/BeanFactoryPostProcessorCustomizer> (0x00000005e0948e38) thrown at [t:/workspace/open/src/hotspot/share/classfile/systemDictionary.cpp, line 233]
Event: 1.945 Thread 0x0000000001f06800 Exception <a 'java/lang/ClassNotFoundException'{0x00000005e0959310}: org/springframework/core/PriorityOrderedCustomizer> (0x00000005e0959310) thrown at [t:/workspace/open/src/hotspot/share/classfile/systemDictionary.cpp, line 233]
Event: 1.945 Thread 0x0000000001f06800 Exception <a 'java/lang/ClassNotFoundException'{0x00000005e09676e8}: org/springframework/core/OrderedCustomizer> (0x00000005e09676e8) thrown at [t:/workspace/open/src/hotspot/share/classfile/systemDictionary.cpp, line 233]
Event: 1.946 Thread 0x0000000001f06800 Exception <a 'java/lang/ClassNotFoundException'{0x00000005e0978488}: org/springframework/context/ResourceLoaderAwareCustomizer> (0x00000005e0978488) thrown at [t:/workspace/open/src/hotspot/share/classfile/systemDictionary.cpp, line 233]
Event: 1.946 Thread 0x0000000001f06800 Exception <a 'java/lang/ClassNotFoundException'{0x00000005e09884e0}: org/springframework/beans/factory/AwareCustomizer> (0x00000005e09884e0) thrown at [t:/workspace/open/src/hotspot/share/classfile/systemDictionary.cpp, line 233]
Event: 1.946 Thread 0x0000000001f06800 Exception <a 'java/lang/ClassNotFoundException'{0x00000005e069cac0}: org/springframework/beans/factory/BeanClassLoaderAwareCustomizer> (0x00000005e069cac0) thrown at [t:/workspace/open/src/hotspot/share/classfile/systemDictionary.cpp, line 233]
Event: 1.947 Thread 0x0000000001f06800 Exception <a 'java/lang/ClassNotFoundException'{0x00000005e06acb30}: org/springframework/beans/factory/AwareCustomizer> (0x00000005e06acb30) thrown at [t:/workspace/open/src/hotspot/share/classfile/systemDictionary.cpp, line 233]
Event: 1.947 Thread 0x0000000001f06800 Exception <a 'java/lang/ClassNotFoundException'{0x00000005e06bc798}: org/springframework/context/EnvironmentAwareCustomizer> (0x00000005e06bc798) thrown at [t:/workspace/open/src/hotspot/share/classfile/systemDictionary.cpp, line 233]
Event: 1.948 Thread 0x0000000001f06800 Exception <a 'java/lang/ClassNotFoundException'{0x00000005e06cc758}: org/springframework/beans/factory/AwareCustomizer> (0x00000005e06cc758) thrown at [t:/workspace/open/src/hotspot/share/classfile/systemDictionary.cpp, line 233]
Event: 2.183 Thread 0x0000000001f06800 Exception <a 'java/lang/IncompatibleClassChangeError'{0x00000005de8b1310}: Found class java.lang.Object, but interface was expected> (0x00000005de8b1310) thrown at [t:/workspace/open/src/hotspot/share/interpreter/linkResolver.cpp, line 807]

Events (10 events):
Event: 2.199 loading class com/fasterxml/jackson/datatype/jsr310/deser/InstantDeserializer
Event: 2.199 loading class com/fasterxml/jackson/datatype/jsr310/deser/InstantDeserializer done
Event: 2.200 loading class org/springframework/boot/autoconfigure/condition/SearchStrategy
Event: 2.200 loading class org/springframework/boot/autoconfigure/condition/SearchStrategy done
Event: 2.200 loading class com/fasterxml/jackson/datatype/jsr310/deser/JSR310DateTimeDeserializerBase
Event: 2.200 loading class com/fasterxml/jackson/datatype/jsr310/deser/JSR310DateTimeDeserializerBase done
Event: 2.201 loading class com/fasterxml/jackson/datatype/jsr310/deser/JSR310DeserializerBase
Event: 2.201 loading class com/fasterxml/jackson/datatype/jsr310/deser/JSR310DeserializerBase done
Event: 2.201 loading class org/springframework/boot/context/properties/EnableConfigurationProperties
Event: 2.201 loading class org/springframework/boot/context/properties/EnableConfigurationProperties done


Dynamic libraries:
0x000000013f110000 - 0x000000013f14e000 	C:\Program Files\Java\jdk-10.0.2\bin\java.exe
0x0000000077150000 - 0x00000000772fa000 	C:\Windows\SYSTEM32\ntdll.dll
0x0000000076f30000 - 0x000000007704f000 	C:\Windows\system32\kernel32.dll
0x000007fefce90000 - 0x000007fefcefa000 	C:\Windows\system32\KERNELBASE.dll
0x000007fefec60000 - 0x000007fefed3b000 	C:\Windows\system32\ADVAPI32.dll
0x000007fefe850000 - 0x000007fefe8ef000 	C:\Windows\system32\msvcrt.dll
0x000007fefd200000 - 0x000007fefd21f000 	C:\Windows\SYSTEM32\sechost.dll
0x000007fefd220000 - 0x000007fefd34d000 	C:\Windows\system32\RPCRT4.dll
0x0000000077050000 - 0x000000007714a000 	C:\Windows\system32\USER32.dll
0x000007fefeed0000 - 0x000007fefef37000 	C:\Windows\system32\GDI32.dll
0x000007feff180000 - 0x000007feff18e000 	C:\Windows\system32\LPK.dll
0x000007fefead0000 - 0x000007fefeb9b000 	C:\Windows\system32\USP10.dll
0x000007fefb7e0000 - 0x000007fefb9d4000 	C:\Windows\WinSxS\amd64_microsoft.windows.common-controls_6595b64144ccf1df_6.0.7601.18837_none_fa3b1e3d17594757\COMCTL32.dll
0x000007fefeba0000 - 0x000007fefec11000 	C:\Windows\system32\SHLWAPI.dll
0x000007fefbe80000 - 0x000007fefbe8c000 	C:\Windows\system32\VERSION.dll
0x000007fefec20000 - 0x000007fefec4e000 	C:\Windows\system32\IMM32.DLL
0x000007fefef40000 - 0x000007feff049000 	C:\Windows\system32\MSCTF.dll
0x000007fee4b30000 - 0x000007fee4c1f000 	C:\Program Files\Java\jdk-10.0.2\bin\msvcr120.dll
0x000007fee5d70000 - 0x000007fee5e16000 	C:\Program Files\Java\jdk-10.0.2\bin\msvcp120.dll
0x0000000007d80000 - 0x00000000087f0000 	C:\Program Files\Java\jdk-10.0.2\bin\server\jvm.dll
0x000007fee1ee0000 - 0x000007fee1ee9000 	C:\Windows\system32\WSOCK32.dll
0x000007feff050000 - 0x000007feff09d000 	C:\Windows\system32\WS2_32.dll
0x000007fefec50000 - 0x000007fefec58000 	C:\Windows\system32\NSI.dll
0x000007fef9d50000 - 0x000007fef9d8b000 	C:\Windows\system32\WINMM.dll
0x0000000077320000 - 0x0000000077327000 	C:\Windows\system32\PSAPI.DLL
0x000007feea760000 - 0x000007feea76f000 	C:\Program Files\Java\jdk-10.0.2\bin\verify.dll
0x000007fef7f20000 - 0x000007fef8045000 	C:\Windows\system32\DBGHELP.DLL
0x000007fee8860000 - 0x000007fee8887000 	C:\Program Files\Java\jdk-10.0.2\bin\java.dll
0x000007fee9150000 - 0x000007fee9166000 	C:\Program Files\Java\jdk-10.0.2\bin\zip.dll
0x000007feea030000 - 0x000007feea03a000 	C:\Program Files\Java\jdk-10.0.2\bin\jimage.dll
0x000007fefd350000 - 0x000007fefe0da000 	C:\Windows\system32\SHELL32.dll
0x000007fefe650000 - 0x000007fefe84c000 	C:\Windows\system32\ole32.dll
0x000007fefce40000 - 0x000007fefce4f000 	C:\Windows\system32\profapi.dll
0x000007fee8980000 - 0x000007fee899a000 	C:\Program Files\Java\jdk-10.0.2\bin\net.dll
0x000007fef81a0000 - 0x000007fef8211000 	C:\Windows\system32\WINHTTP.dll
0x000007fef8130000 - 0x000007fef8195000 	C:\Windows\system32\webio.dll
0x000007fefc610000 - 0x000007fefc665000 	C:\Windows\system32\mswsock.dll
0x000007fefc600000 - 0x000007fefc607000 	C:\Windows\System32\wship6.dll
0x000007fee8770000 - 0x000007fee8781000 	C:\Program Files\Java\jdk-10.0.2\bin\nio.dll
0x000007fee89b0000 - 0x000007fee89b9000 	C:\Program Files\Java\jdk-10.0.2\bin\management.dll
0x000007fee9190000 - 0x000007fee919a000 	C:\Program Files\Java\jdk-10.0.2\bin\management_ext.dll
0x000007fefcc80000 - 0x000007fefccd7000 	C:\Windows\system32\apphelp.dll
0x000007fefa730000 - 0x000007fefa745000 	C:\Windows\system32\NLAapi.dll
0x000007fefa980000 - 0x000007fefa995000 	C:\Windows\system32\napinsp.dll
0x000007feee050000 - 0x000007feee069000 	C:\Windows\system32\pnrpnsp.dll
0x000007fefc490000 - 0x000007fefc4eb000 	C:\Windows\system32\DNSAPI.dll
0x000007fefabf0000 - 0x000007fefabfb000 	C:\Windows\System32\winrnr.dll
0x000007fefbdc0000 - 0x000007fefbdc7000 	C:\Windows\System32\wshtcpip.dll
0x000007fefa450000 - 0x000007fefa477000 	C:\Windows\system32\IPHLPAPI.DLL
0x000007fefa430000 - 0x000007fefa43b000 	C:\Windows\system32\WINNSI.DLL
0x000007fef7d60000 - 0x000007fef7d68000 	C:\Windows\system32\rasadhlp.dll
0x000007fefa2e0000 - 0x000007fefa333000 	C:\Windows\System32\fwpuclnt.dll

dbghelp: loaded successfully - version: 4.0.5 - missing functions: none
symbol engine: initialized successfully - sym options: 0x614 - pdb path: .;C:\Program Files\Java\jdk-10.0.2\bin;C:\Windows\SYSTEM32;C:\Windows\WinSxS\amd64_microsoft.windows.common-controls_6595b64144ccf1df_6.0.7601.18837_none_fa3b1e3d17594757;C:\Program Files\Java\jdk-10.0.2\bin\server

VM Arguments:
java_command: C:\Users\ADMINI~1\AppData\Local\Temp\surefire7614189063211933006\surefirebooter1469260302168833883.jar C:\Users\Administrator\AppData\Local\Temp\surefire7614189063211933006 2019-11-28T13-10-07_228-jvmRun1 surefire1867405571995280082tmp surefire_010274745917090365817tmp
java_class_path (initial): C:\Users\ADMINI~1\AppData\Local\Temp\surefire7614189063211933006\surefirebooter1469260302168833883.jar
Launcher Type: SUN_STANDARD

Logging:
Log output configuration:
#0: stdout all=warning uptime,level,tags
#1: stderr all=off uptime,level,tags

Environment Variables:
JAVA_HOME=C:\Program Files\Java\jdk-10.0.2
PATH=C:\Program Files\Mozilla Firefox\geckodriver.exe;C:\Program Files\Java\jdk-10.0.2/bin;D:\Program Files\Basler\pylon 5\Runtime\Win32\;D:\Program Files\Basler\pylon 5\Runtime\x64\;C:\Program Files (x86)\Camera\DVP2\;C:\Program Files (x86)\Camera\DVP2 x64\;C:\Program Files\NVIDIA GPU Computing Toolkit\CUDA\v9.0\bin;C:\Program Files\NVIDIA GPU Computing Toolkit\CUDA\v9.0\libnvvp;C:\Program Files\NVIDIA GPU Computing Toolkit\CUDA\v9.0;C:\Program Files\NVIDIA GPU Computing Toolkit\CUDA\v9.0\lib\x64;C:\ProgramData\NVIDIA Corporation\CUDA Samples\v9.0\bin\Win64;C:\ProgramData\NVIDIA Corporation\CUDA Samples\v9.0\common\lib\x64;C:\ProgramData\NVIDIA Corporation\CUDA Samples\v9.0;C:\ProgramData\Anaconda3;C:\ProgramData\Anaconda3\Library\mingw-w64\bin;C:\ProgramData\Anaconda3\Library\usr\bin;C:\ProgramData\Anaconda3\Library\bin;C:\ProgramData\Anaconda3\Scripts;C:\Windows\system32;C:\Windows;C:\Windows\System32\Wbem;C:\Windows\System32\WindowsPowerShell\v1.0\;C:\Program Files (x86)\NVIDIA Corporation\PhysX\Common;C:\BitFlow SDK 6.20\Bin64;C:\BitFlow SDK 6.20\Bin32;C:\Program Files\CameraLink\Serial;C:\Program Files (x86)\CameraLink\Serial;C:\Users\Administrator\.dnx\bin;C:\Program Files\Microsoft DNX\Dnvm\;C:\Program Files (x86)\Windows Kits\8.1\Windows Performance Toolkit\;C:\Program Files\Graphviz2.38\bin;C:\Program Files\Git\cmd;E:\Emgu3.0\bin;E:\Emgu3.0\bin\x86;E:\Emgu3.0\bin\x64;C:\Program Files (x86)\Microsoft Visual Studio 10.0\Common7\IDE\PrivateAssemblies\;C:\Program Files (x86)\Microsoft SQL Server\110\DTS\Binn\;C:\Program Files (x86)\Google\Chrome\Application\drive;E:\yolo\opencv3.4.2\opencv\build\x64\vc14\bin
USERNAME=Administrator
OS=Windows_NT
PROCESSOR_IDENTIFIER=Intel64 Family 6 Model 79 Stepping 1, GenuineIntel



---------------  S Y S T E M  ---------------

OS: Windows 7 , 64 bit Build 7601 (6.1.7601.23915)

CPU:total 16 (initial active 16) (8 cores per cpu, 2 threads per core) family 6 model 79 stepping 1, cmov, cx8, fxsr, mmx, sse, sse2, sse3, ssse3, sse4.1, sse4.2, popcnt, avx, avx2, aes, clmul, erms, rtm, 3dnowpref, lzcnt, ht, tsc, tscinvbit, bmi1, bmi2, adx, fma

Memory: 4k page, physical 33429144k(10413764k free), swap 41815892k(7028k free)

vm_info: Java HotSpot(TM) 64-Bit Server VM (10.0.2+13) for windows-amd64 JRE (10.0.2+13), built on Jun 28 2018 01:57:56 by "mach5one" with MS VC++ 12.0 (VS2013)

END.
