#
# There is insufficient memory for the Java Runtime Environment to continue.
# Native memory allocation (malloc) failed to allocate 283376 bytes for Chunk::new
# Possible reasons:
#   The system is out of physical RAM or swap space
#   The process is running with CompressedOops enabled, and the Java Heap may be blocking the growth of the native heap
# Possible solutions:
#   Reduce memory load on the system
#   Increase physical memory or swap space
#   Check if swap backing store is full
#   Decrease Java heap size (-Xmx/-Xms)
#   Decrease number of Java threads
#   Decrease Java thread stack sizes (-Xss)
#   Set larger code cache with -XX:ReservedCodeCacheSize=
#   JVM is running with Zero Based Compressed Oops mode in which the Java heap is
#     placed in the first 32GB address space. The Java Heap base address is the
#     maximum limit for the native heap growth. Please use -XX:HeapBaseMinAddress
#     to set the Java Heap base and to place the Java Heap above 32GB virtual address.
# This output file may be truncated or incomplete.
#
#  Out of Memory Error (t:/workspace/open/src/hotspot/share/memory/arena.cpp:198), pid=13232, tid=7416
#
# JRE version: Java(TM) SE Runtime Environment (10.0.2+13) (build 10.0.2+13)
# Java VM: Java HotSpot(TM) 64-Bit Server VM (10.0.2+13, mixed mode, tiered, compressed oops, g1 gc, windows-amd64)
# No core dump will be written. Minidumps are not enabled by default on client versions of Windows
#

---------------  S U M M A R Y ------------

Command Line: -Dmaven.multiModuleProjectDirectory=E:\xkkweb\workspace\baoyandao -Dmaven.home=E:\xkkweb\ide\IntelliJ IDEA Community Edition 2019.2.4\plugins\maven\lib\maven3 -Dclassworlds.conf=E:\xkkweb\ide\IntelliJ IDEA Community Edition 2019.2.4\plugins\maven\lib\maven3\bin\m2.conf -Dmaven.ext.class.path=E:\xkkweb\ide\IntelliJ IDEA Community Edition 2019.2.4\plugins\maven\lib\maven-event-listener.jar -javaagent:E:\xkkweb\ide\IntelliJ IDEA Community Edition 2019.2.4\lib\idea_rt.jar=45450:E:\xkkweb\ide\IntelliJ IDEA Community Edition 2019.2.4\bin -Dfile.encoding=UTF-8 org.codehaus.classworlds.Launcher -Didea.version2019.2.4 clean

Host: Intel(R) Xeon(R) CPU E5-2620 v4 @ 2.10GHz, 16 cores, 31G,  Windows 7 , 64 bit Build 7601 (6.1.7601.23915)
Time: Thu Nov 28 13:10:10 2019 ?D1¨²¡À¨º¡Á?¨º¡À?? elapsed time: 0 seconds (0d 0h 0m 0s)

---------------  T H R E A D  ---------------

Current thread (0x0000000037949800):  JavaThread "C2 CompilerThread0" daemon [_thread_in_native, id=7416, stack(0x00000000384a0000,0x00000000385a0000)]


Current CompileTask:
C2:    897  977  s!   4       jdk.internal.loader.URLClassPath::getLoader (200 bytes)

Stack: [0x00000000384a0000,0x00000000385a0000]
Native frames: (J=compiled Java code, j=interpreted, Vv=VM code, C=native code)
V  [jvm.dll+0x5a01a9]
V  [jvm.dll+0x6bcf31]
V  [jvm.dll+0x6be126]
V  [jvm.dll+0x6be7b3]
V  [jvm.dll+0x234978]
V  [jvm.dll+0xbb69c]
V  [jvm.dll+0xbbbac]
V  [jvm.dll+0x34bee1]
V  [jvm.dll+0x18f02c]
V  [jvm.dll+0x1fff9d]
V  [jvm.dll+0x1ff116]
V  [jvm.dll+0x17c94b]
V  [jvm.dll+0x20c8dd]
V  [jvm.dll+0x20b6a6]
V  [jvm.dll+0x68b7ff]
V  [jvm.dll+0x59f4b0]
C  [msvcr120.dll+0x24f7f]
C  [msvcr120.dll+0x25126]
C  [kernel32.dll+0x159cd]
C  [ntdll.dll+0x2a561]


---------------  P R O C E S S  ---------------

Threads class SMR info:
_java_thread_list=0x00000000397d7940, length=21, elements={
0x00000000022dd800, 0x0000000037923800, 0x0000000037930800, 0x0000000037948000,
0x0000000037949000, 0x0000000037949800, 0x000000003794b800, 0x0000000037965800,
0x000000003796e000, 0x0000000037995000, 0x00000000379ed800, 0x00000000379ee800,
0x00000000379ef800, 0x00000000379f0000, 0x00000000379f1000, 0x00000000379f2000,
0x00000000379f2800, 0x0000000037a86000, 0x000000003986e000, 0x00000000397b5800,
0x00000000397b6800
}

Java Threads: ( => current thread )
  0x00000000022dd800 JavaThread "main" [_thread_blocked, id=11756, stack(0x00000000021d0000,0x00000000022d0000)]
  0x0000000037923800 JavaThread "Reference Handler" daemon [_thread_blocked, id=7228, stack(0x0000000037d90000,0x0000000037e90000)]
  0x0000000037930800 JavaThread "Finalizer" daemon [_thread_blocked, id=10388, stack(0x0000000038000000,0x0000000038100000)]
  0x0000000037948000 JavaThread "Signal Dispatcher" daemon [_thread_blocked, id=10100, stack(0x0000000038120000,0x0000000038220000)]
  0x0000000037949000 JavaThread "Attach Listener" daemon [_thread_blocked, id=14608, stack(0x0000000038330000,0x0000000038430000)]
=>0x0000000037949800 JavaThread "C2 CompilerThread0" daemon [_thread_in_native, id=7416, stack(0x00000000384a0000,0x00000000385a0000)]
  0x000000003794b800 JavaThread "C2 CompilerThread1" daemon [_thread_in_native, id=13876, stack(0x00000000386a0000,0x00000000387a0000)]
  0x0000000037965800 JavaThread "C2 CompilerThread2" daemon [_thread_blocked, id=14456, stack(0x0000000037ed0000,0x0000000037fd0000)]
  0x000000003796e000 JavaThread "C2 CompilerThread3" daemon [_thread_in_native, id=11568, stack(0x00000000388e0000,0x00000000389e0000)]
  0x0000000037995000 JavaThread "C2 CompilerThread4" daemon [_thread_blocked, id=10600, stack(0x0000000038230000,0x0000000038330000)]
  0x00000000379ed800 JavaThread "C2 CompilerThread5" daemon [_thread_in_native, id=4776, stack(0x0000000038ad0000,0x0000000038bd0000)]
  0x00000000379ee800 JavaThread "C2 CompilerThread6" daemon [_thread_blocked, id=13428, stack(0x0000000038c90000,0x0000000038d90000)]
  0x00000000379ef800 JavaThread "C2 CompilerThread7" daemon [_thread_blocked, id=17124, stack(0x0000000038dc0000,0x0000000038ec0000)]
  0x00000000379f0000 JavaThread "C1 CompilerThread8" daemon [_thread_blocked, id=17624, stack(0x0000000039050000,0x0000000039150000)]
  0x00000000379f1000 JavaThread "C1 CompilerThread9" daemon [_thread_in_native, id=17284, stack(0x0000000039220000,0x0000000039320000)]
  0x00000000379f2000 JavaThread "C1 CompilerThread10" daemon [_thread_blocked, id=18476, stack(0x00000000387a0000,0x00000000388a0000)]
  0x00000000379f2800 JavaThread "C1 CompilerThread11" daemon [_thread_blocked, id=15692, stack(0x00000000393b0000,0x00000000394b0000)]
  0x0000000037a86000 JavaThread "Sweeper thread" daemon [_thread_blocked, id=9992, stack(0x0000000038ed0000,0x0000000038fd0000)]
  0x000000003986e000 JavaThread "Common-Cleaner" daemon [_thread_blocked, id=308, stack(0x0000000039e20000,0x0000000039f20000)]
  0x00000000397b5800 JavaThread "Monitor Ctrl-Break" daemon [_thread_in_native, id=9152, stack(0x000000003a110000,0x000000003a210000)]
  0x00000000397b6800 JavaThread "Service Thread" daemon [_thread_blocked, id=14464, stack(0x0000000039f20000,0x000000003a020000)]

Other Threads:
  0x0000000037911000 VMThread "VM Thread" [stack: 0x0000000037c80000,0x0000000037d80000] [id=17764]
  0x000000003970c800 WatcherThread [stack: 0x000000003a290000,0x000000003a390000] [id=15944]
  0x00000000022f7800 GCTaskThread "GC Thread#0" [stack: 0x0000000002b50000,0x0000000002c50000] [id=4964]
  0x00000000022f9000 GCTaskThread "GC Thread#1" [stack: 0x0000000002d20000,0x0000000002e20000] [id=10484]
  0x00000000022fb000 GCTaskThread "GC Thread#2" [stack: 0x0000000002f30000,0x0000000003030000] [id=9536]
  0x00000000022ff000 GCTaskThread "GC Thread#3" [stack: 0x00000000025c0000,0x00000000026c0000] [id=16220]
  0x0000000002301000 GCTaskThread "GC Thread#4" [stack: 0x0000000003120000,0x0000000003220000] [id=10012]
  0x0000000002302800 GCTaskThread "GC Thread#5" [stack: 0x00000000029f0000,0x0000000002af0000] [id=4712]
  0x000000000230c800 GCTaskThread "GC Thread#6" [stack: 0x00000000033c0000,0x00000000034c0000] [id=10464]
  0x000000000230d000 GCTaskThread "GC Thread#7" [stack: 0x0000000003250000,0x0000000003350000] [id=9820]
  0x000000000230e000 GCTaskThread "GC Thread#8" [stack: 0x0000000003660000,0x0000000003760000] [id=10128]
  0x0000000002311800 GCTaskThread "GC Thread#9" [stack: 0x00000000037b0000,0x00000000038b0000] [id=17436]
  0x0000000002312800 GCTaskThread "GC Thread#10" [stack: 0x0000000002e20000,0x0000000002f20000] [id=13340]
  0x0000000002318000 GCTaskThread "GC Thread#11" [stack: 0x0000000003940000,0x0000000003a40000] [id=7156]
  0x0000000002319000 GCTaskThread "GC Thread#12" [stack: 0x0000000003a40000,0x0000000003b40000] [id=14648]
  0x0000000002388000 ConcurrentGCThread "G1 Main Marker" [stack: 0x0000000032b10000,0x0000000032c10000] [id=17336]
  0x000000000238c000 ConcurrentGCThread "G1 Conc#0" [stack: 0x0000000032c20000,0x0000000032d20000] [id=10112]
  0x0000000002394800 ConcurrentGCThread "G1 Conc#1" [stack: 0x0000000032a10000,0x0000000032b10000] [id=12512]
  0x0000000002396800 ConcurrentGCThread "G1 Conc#2" [stack: 0x0000000032de0000,0x0000000032ee0000] [id=11204]
  0x00000000079d1000 ConcurrentGCThread "G1 Refine#0" [stack: 0x0000000035c00000,0x0000000035d00000] [id=7612]
  0x00000000079d4000 ConcurrentGCThread "G1 Refine#1" [stack: 0x0000000035e70000,0x0000000035f70000] [id=8852]
  0x00000000079dc800 ConcurrentGCThread "G1 Refine#2" [stack: 0x0000000036000000,0x0000000036100000] [id=1888]
  0x00000000079dd000 ConcurrentGCThread "G1 Refine#3" [stack: 0x0000000036110000,0x0000000036210000] [id=16832]
  0x00000000079e0000 ConcurrentGCThread "G1 Refine#4" [stack: 0x00000000362e0000,0x00000000363e0000] [id=8836]
  0x00000000079e0800 ConcurrentGCThread "G1 Refine#5" [stack: 0x0000000036420000,0x0000000036520000] [id=16340]
  0x00000000079e3000 ConcurrentGCThread "G1 Refine#6" [stack: 0x00000000365f0000,0x00000000366f0000] [id=11128]
  0x00000000079e4000 ConcurrentGCThread "G1 Refine#7" [stack: 0x00000000367c0000,0x00000000368c0000] [id=18008]
  0x00000000079e4800 ConcurrentGCThread "G1 Refine#8" [stack: 0x0000000036950000,0x0000000036a50000] [id=15656]
  0x00000000079e5000 ConcurrentGCThread "G1 Refine#9" [stack: 0x0000000036a90000,0x0000000036b90000] [id=4632]
  0x00000000079e6000 ConcurrentGCThread "G1 Refine#10" [stack: 0x0000000036c00000,0x0000000036d00000] [id=5664]
  0x00000000079ea800 ConcurrentGCThread "G1 Refine#11" [stack: 0x0000000035d50000,0x0000000035e50000] [id=17104]
  0x00000000079eb000 ConcurrentGCThread "G1 Refine#12" [stack: 0x0000000036d10000,0x0000000036e10000] [id=9544]
  0x00000000079ec000 ConcurrentGCThread "G1 Young RemSet Sampling" [stack: 0x0000000036ea0000,0x0000000036fa0000] [id=18916]

Threads with active compile tasks:
C2 CompilerThread0 977  s!   4       jdk.internal.loader.URLClassPath::getLoader (200 bytes)
C2 CompilerThread11007   !   4       jdk.internal.loader.URLClassPath$JarLoader::getResource (65 bytes)
C2 CompilerThread31024       4       java.util.jar.JarFile::getEntry (22 bytes)
C2 CompilerThread51023   !   4       java.util.zip.ZipFile::getEntry (73 bytes)
C1 CompilerThread81033       3       sun.net.www.protocol.jar.Handler::parseContextSpec (154 bytes)
C1 CompilerThread91027   !   3       sun.net.www.ParseUtil::decode (316 bytes)
C1 CompilerThread101032       3       sun.net.www.protocol.jar.Handler::parseURL (201 bytes)
C1 CompilerThread111034       3       sun.net.www.protocol.jar.Handler::indexOfBangSlash (52 bytes)

VM state:at safepoint (normal execution)

VM Mutex/Monitor currently owned by a thread:  ([mutex/lock_event])
[0x00000000022d9ca0] Threads_lock - owner thread: 0x0000000037911000
[0x00000000022da240] Heap_lock - owner thread: 0x00000000022dd800

Heap address: 0x00000005c1e00000, size: 8162 MB, Compressed Oops mode: Zero based, Oop shift amount: 3
Narrow klass base: 0x0000000000000000, Narrow klass shift: 3
Compressed class space size: 1073741824 Address: 0x00000007c0000000

Heap:
 garbage-first heap   total 524288K, used 16307K [0x00000005c1e00000, 0x00000007c0000000)
  region size 2048K, 9 young (18432K), 1 survivors (2048K)
 Metaspace       used 10686K, capacity 10896K, committed 11008K, reserved 1058816K
  class space    used 940K, capacity 997K, committed 1024K, reserved 1048576K
Heap Regions: E=young(eden), S=young(survivor), O=old, HS=humongous(starts), HC=humongous(continues), CS=collection set, F=free, A=archive, TS=gc time stamp, AC=allocation context, TAMS=top-at-mark-start (previous, next)
|   0|0x00000005c1e00000, 0x00000005c1e00000, 0x00000005c2000000|  0%| F|  |TS  0|AC  0|TAMS 0x00000005c1e00000, 0x00000005c1e00000|
|   1|0x00000005c2000000, 0x00000005c2000000, 0x00000005c2200000|  0%| F|  |TS  0|AC  0|TAMS 0x00000005c2000000, 0x00000005c2000000|
|   2|0x00000005c2200000, 0x00000005c2200000, 0x00000005c2400000|  0%| F|  |TS  0|AC  0|TAMS 0x00000005c2200000, 0x00000005c2200000|
|   3|0x00000005c2400000, 0x00000005c2400000, 0x00000005c2600000|  0%| F|  |TS  0|AC  0|TAMS 0x00000005c2400000, 0x00000005c2400000|
|   4|0x00000005c2600000, 0x00000005c2600000, 0x00000005c2800000|  0%| F|  |TS  0|AC  0|TAMS 0x00000005c2600000, 0x00000005c2600000|
|   5|0x00000005c2800000, 0x00000005c2800000, 0x00000005c2a00000|  0%| F|  |TS  0|AC  0|TAMS 0x00000005c2800000, 0x00000005c2800000|
|   6|0x00000005c2a00000, 0x00000005c2a00000, 0x00000005c2c00000|  0%| F|  |TS  0|AC  0|TAMS 0x00000005c2a00000, 0x00000005c2a00000|
|   7|0x00000005c2c00000, 0x00000005c2c00000, 0x00000005c2e00000|  0%| F|  |TS  0|AC  0|TAMS 0x00000005c2c00000, 0x00000005c2c00000|
|   8|0x00000005c2e00000, 0x00000005c2e00000, 0x00000005c3000000|  0%| F|  |TS  0|AC  0|TAMS 0x00000005c2e00000, 0x00000005c2e00000|
|   9|0x00000005c3000000, 0x00000005c3000000, 0x00000005c3200000|  0%| F|  |TS  0|AC  0|TAMS 0x00000005c3000000, 0x00000005c3000000|
|  10|0x00000005c3200000, 0x00000005c3200000, 0x00000005c3400000|  0%| F|  |TS  0|AC  0|TAMS 0x00000005c3200000, 0x00000005c3200000|
|  11|0x00000005c3400000, 0x00000005c3400000, 0x00000005c3600000|  0%| F|  |TS  0|AC  0|TAMS 0x00000005c3400000, 0x00000005c3400000|
|  12|0x00000005c3600000, 0x00000005c3600000, 0x00000005c3800000|  0%| F|  |TS  0|AC  0|TAMS 0x00000005c3600000, 0x00000005c3600000|
|  13|0x00000005c3800000, 0x00000005c3800000, 0x00000005c3a00000|  0%| F|  |TS  0|AC  0|TAMS 0x00000005c3800000, 0x00000005c3800000|
|  14|0x00000005c3a00000, 0x00000005c3a00000, 0x00000005c3c00000|  0%| F|  |TS  0|AC  0|TAMS 0x00000005c3a00000, 0x00000005c3a00000|
|  15|0x00000005c3c00000, 0x00000005c3c00000, 0x00000005c3e00000|  0%| F|  |TS  0|AC  0|TAMS 0x00000005c3c00000, 0x00000005c3c00000|
|  16|0x00000005c3e00000, 0x00000005c3e00000, 0x00000005c4000000|  0%| F|  |TS  0|AC  0|TAMS 0x00000005c3e00000, 0x00000005c3e00000|
|  17|0x00000005c4000000, 0x00000005c4000000, 0x00000005c4200000|  0%| F|  |TS  0|AC  0|TAMS 0x00000005c4000000, 0x00000005c4000000|
|  18|0x00000005c4200000, 0x00000005c4200000, 0x00000005c4400000|  0%| F|  |TS  0|AC  0|TAMS 0x00000005c4200000, 0x00000005c4200000|
|  19|0x00000005c4400000, 0x00000005c4400000, 0x00000005c4600000|  0%| F|  |TS  0|AC  0|TAMS 0x00000005c4400000, 0x00000005c4400000|
|  20|0x00000005c4600000, 0x00000005c4600000, 0x00000005c4800000|  0%| F|  |TS  0|AC  0|TAMS 0x00000005c4600000, 0x00000005c4600000|
|  21|0x00000005c4800000, 0x00000005c4800000, 0x00000005c4a00000|  0%| F|  |TS  0|AC  0|TAMS 0x00000005c4800000, 0x00000005c4800000|
|  22|0x00000005c4a00000, 0x00000005c4a00000, 0x00000005c4c00000|  0%| F|  |TS  0|AC  0|TAMS 0x00000005c4a00000, 0x00000005c4a00000|
|  23|0x00000005c4c00000, 0x00000005c4c00000, 0x00000005c4e00000|  0%| F|  |TS  0|AC  0|TAMS 0x00000005c4c00000, 0x00000005c4c00000|
|  24|0x00000005c4e00000, 0x00000005c4e00000, 0x00000005c5000000|  0%| F|  |TS  0|AC  0|TAMS 0x00000005c4e00000, 0x00000005c4e00000|
|  25|0x00000005c5000000, 0x00000005c5000000, 0x00000005c5200000|  0%| F|  |TS  0|AC  0|TAMS 0x00000005c5000000, 0x00000005c5000000|
|  26|0x00000005c5200000, 0x00000005c5200000, 0x00000005c5400000|  0%| F|  |TS  0|AC  0|TAMS 0x00000005c5200000, 0x00000005c5200000|
|  27|0x00000005c5400000, 0x00000005c5400000, 0x00000005c5600000|  0%| F|  |TS  0|AC  0|TAMS 0x00000005c5400000, 0x00000005c5400000|
|  28|0x00000005c5600000, 0x00000005c5600000, 0x00000005c5800000|  0%| F|  |TS  0|AC  0|TAMS 0x00000005c5600000, 0x00000005c5600000|
|  29|0x00000005c5800000, 0x00000005c5800000, 0x00000005c5a00000|  0%| F|  |TS  0|AC  0|TAMS 0x00000005c5800000, 0x00000005c5800000|
|  30|0x00000005c5a00000, 0x00000005c5a00000, 0x00000005c5c00000|  0%| F|  |TS  0|AC  0|TAMS 0x00000005c5a00000, 0x00000005c5a00000|
|  31|0x00000005c5c00000, 0x00000005c5c00000, 0x00000005c5e00000|  0%| F|  |TS  0|AC  0|TAMS 0x00000005c5c00000, 0x00000005c5c00000|
|  32|0x00000005c5e00000, 0x00000005c5e00000, 0x00000005c6000000|  0%| F|  |TS  0|AC  0|TAMS 0x00000005c5e00000, 0x00000005c5e00000|
|  33|0x00000005c6000000, 0x00000005c6000000, 0x00000005c6200000|  0%| F|  |TS  0|AC  0|TAMS 0x00000005c6000000, 0x00000005c6000000|
|  34|0x00000005c6200000, 0x00000005c6200000, 0x00000005c6400000|  0%| F|  |TS  0|AC  0|TAMS 0x00000005c6200000, 0x00000005c6200000|
|  35|0x00000005c6400000, 0x00000005c6400000, 0x00000005c6600000|  0%| F|  |TS  0|AC  0|TAMS 0x00000005c6400000, 0x00000005c6400000|
|  36|0x00000005c6600000, 0x00000005c6600000, 0x00000005c6800000|  0%| F|  |TS  0|AC  0|TAMS 0x00000005c6600000, 0x00000005c6600000|
|  37|0x00000005c6800000, 0x00000005c6800000, 0x00000005c6a00000|  0%| F|  |TS  0|AC  0|TAMS 0x00000005c6800000, 0x00000005c6800000|
|  38|0x00000005c6a00000, 0x00000005c6a00000, 0x00000005c6c00000|  0%| F|  |TS  0|AC  0|TAMS 0x00000005c6a00000, 0x00000005c6a00000|
|  39|0x00000005c6c00000, 0x00000005c6c00000, 0x00000005c6e00000|  0%| F|  |TS  0|AC  0|TAMS 0x00000005c6c00000, 0x00000005c6c00000|
|  40|0x00000005c6e00000, 0x00000005c6e00000, 0x00000005c7000000|  0%| F|  |TS  0|AC  0|TAMS 0x00000005c6e00000, 0x00000005c6e00000|
|  41|0x00000005c7000000, 0x00000005c7000000, 0x00000005c7200000|  0%| F|  |TS  0|AC  0|TAMS 0x00000005c7000000, 0x00000005c7000000|
|  42|0x00000005c7200000, 0x00000005c7200000, 0x00000005c7400000|  0%| F|  |TS  0|AC  0|TAMS 0x00000005c7200000, 0x00000005c7200000|
|  43|0x00000005c7400000, 0x00000005c7400000, 0x00000005c7600000|  0%| F|  |TS  0|AC  0|TAMS 0x00000005c7400000, 0x00000005c7400000|
|  44|0x00000005c7600000, 0x00000005c7600000, 0x00000005c7800000|  0%| F|  |TS  0|AC  0|TAMS 0x00000005c7600000, 0x00000005c7600000|
|  45|0x00000005c7800000, 0x00000005c7800000, 0x00000005c7a00000|  0%| F|  |TS  0|AC  0|TAMS 0x00000005c7800000, 0x00000005c7800000|
|  46|0x00000005c7a00000, 0x00000005c7a00000, 0x00000005c7c00000|  0%| F|  |TS  0|AC  0|TAMS 0x00000005c7a00000, 0x00000005c7a00000|
|  47|0x00000005c7c00000, 0x00000005c7c00000, 0x00000005c7e00000|  0%| F|  |TS  0|AC  0|TAMS 0x00000005c7c00000, 0x00000005c7c00000|
|  48|0x00000005c7e00000, 0x00000005c7e00000, 0x00000005c8000000|  0%| F|  |TS  0|AC  0|TAMS 0x00000005c7e00000, 0x00000005c7e00000|
|  49|0x00000005c8000000, 0x00000005c8000000, 0x00000005c8200000|  0%| F|  |TS  0|AC  0|TAMS 0x00000005c8000000, 0x00000005c8000000|
|  50|0x00000005c8200000, 0x00000005c8200000, 0x00000005c8400000|  0%| F|  |TS  0|AC  0|TAMS 0x00000005c8200000, 0x00000005c8200000|
|  51|0x00000005c8400000, 0x00000005c8400000, 0x00000005c8600000|  0%| F|  |TS  0|AC  0|TAMS 0x00000005c8400000, 0x00000005c8400000|
|  52|0x00000005c8600000, 0x00000005c8600000, 0x00000005c8800000|  0%| F|  |TS  0|AC  0|TAMS 0x00000005c8600000, 0x00000005c8600000|
|  53|0x00000005c8800000, 0x00000005c8800000, 0x00000005c8a00000|  0%| F|  |TS  0|AC  0|TAMS 0x00000005c8800000, 0x00000005c8800000|
|  54|0x00000005c8a00000, 0x00000005c8a00000, 0x00000005c8c00000|  0%| F|  |TS  0|AC  0|TAMS 0x00000005c8a00000, 0x00000005c8a00000|
|  55|0x00000005c8c00000, 0x00000005c8c00000, 0x00000005c8e00000|  0%| F|  |TS  0|AC  0|TAMS 0x00000005c8c00000, 0x00000005c8c00000|
|  56|0x00000005c8e00000, 0x00000005c8e00000, 0x00000005c9000000|  0%| F|  |TS  0|AC  0|TAMS 0x00000005c8e00000, 0x00000005c8e00000|
|  57|0x00000005c9000000, 0x00000005c9000000, 0x00000005c9200000|  0%| F|  |TS  0|AC  0|TAMS 0x00000005c9000000, 0x00000005c9000000|
|  58|0x00000005c9200000, 0x00000005c9200000, 0x00000005c9400000|  0%| F|  |TS  0|AC  0|TAMS 0x00000005c9200000, 0x00000005c9200000|
|  59|0x00000005c9400000, 0x00000005c9400000, 0x00000005c9600000|  0%| F|  |TS  0|AC  0|TAMS 0x00000005c9400000, 0x00000005c9400000|
|  60|0x00000005c9600000, 0x00000005c9600000, 0x00000005c9800000|  0%| F|  |TS  0|AC  0|TAMS 0x00000005c9600000, 0x00000005c9600000|
|  61|0x00000005c9800000, 0x00000005c9800000, 0x00000005c9a00000|  0%| F|  |TS  0|AC  0|TAMS 0x00000005c9800000, 0x00000005c9800000|
|  62|0x00000005c9a00000, 0x00000005c9a00000, 0x00000005c9c00000|  0%| F|  |TS  0|AC  0|TAMS 0x00000005c9a00000, 0x00000005c9a00000|
|  63|0x00000005c9c00000, 0x00000005c9c00000, 0x00000005c9e00000|  0%| F|  |TS  0|AC  0|TAMS 0x00000005c9c00000, 0x00000005c9c00000|
|  64|0x00000005c9e00000, 0x00000005c9e00000, 0x00000005ca000000|  0%| F|  |TS  0|AC  0|TAMS 0x00000005c9e00000, 0x00000005c9e00000|
|  65|0x00000005ca000000, 0x00000005ca000000, 0x00000005ca200000|  0%| F|  |TS  0|AC  0|TAMS 0x00000005ca000000, 0x00000005ca000000|
|  66|0x00000005ca200000, 0x00000005ca200000, 0x00000005ca400000|  0%| F|  |TS  0|AC  0|TAMS 0x00000005ca200000, 0x00000005ca200000|
|  67|0x00000005ca400000, 0x00000005ca400000, 0x00000005ca600000|  0%| F|  |TS  0|AC  0|TAMS 0x00000005ca400000, 0x00000005ca400000|
|  68|0x00000005ca600000, 0x00000005ca600000, 0x00000005ca800000|  0%| F|  |TS  0|AC  0|TAMS 0x00000005ca600000, 0x00000005ca600000|
|  69|0x00000005ca800000, 0x00000005ca800000, 0x00000005caa00000|  0%| F|  |TS  0|AC  0|TAMS 0x00000005ca800000, 0x00000005ca800000|
|  70|0x00000005caa00000, 0x00000005caa00000, 0x00000005cac00000|  0%| F|  |TS  0|AC  0|TAMS 0x00000005caa00000, 0x00000005caa00000|
|  71|0x00000005cac00000, 0x00000005cac00000, 0x00000005cae00000|  0%| F|  |TS  0|AC  0|TAMS 0x00000005cac00000, 0x00000005cac00000|
|  72|0x00000005cae00000, 0x00000005cae00000, 0x00000005cb000000|  0%| F|  |TS  0|AC  0|TAMS 0x00000005cae00000, 0x00000005cae00000|
|  73|0x00000005cb000000, 0x00000005cb000000, 0x00000005cb200000|  0%| F|  |TS  0|AC  0|TAMS 0x00000005cb000000, 0x00000005cb000000|
|  74|0x00000005cb200000, 0x00000005cb200000, 0x00000005cb400000|  0%| F|  |TS  0|AC  0|TAMS 0x00000005cb200000, 0x00000005cb200000|
|  75|0x00000005cb400000, 0x00000005cb400000, 0x00000005cb600000|  0%| F|  |TS  0|AC  0|TAMS 0x00000005cb400000, 0x00000005cb400000|
|  76|0x00000005cb600000, 0x00000005cb600000, 0x00000005cb800000|  0%| F|  |TS  0|AC  0|TAMS 0x00000005cb600000, 0x00000005cb600000|
|  77|0x00000005cb800000, 0x00000005cb800000, 0x00000005cba00000|  0%| F|  |TS  0|AC  0|TAMS 0x00000005cb800000, 0x00000005cb800000|
|  78|0x00000005cba00000, 0x00000005cba00000, 0x00000005cbc00000|  0%| F|  |TS  0|AC  0|TAMS 0x00000005cba00000, 0x00000005cba00000|
|  79|0x00000005cbc00000, 0x00000005cbc00000, 0x00000005cbe00000|  0%| F|  |TS  0|AC  0|TAMS 0x00000005cbc00000, 0x00000005cbc00000|
|  80|0x00000005cbe00000, 0x00000005cbe00000, 0x00000005cc000000|  0%| F|  |TS  0|AC  0|TAMS 0x00000005cbe00000, 0x00000005cbe00000|
|  81|0x00000005cc000000, 0x00000005cc000000, 0x00000005cc200000|  0%| F|  |TS  0|AC  0|TAMS 0x00000005cc000000, 0x00000005cc000000|
|  82|0x00000005cc200000, 0x00000005cc200000, 0x00000005cc400000|  0%| F|  |TS  0|AC  0|TAMS 0x00000005cc200000, 0x00000005cc200000|
|  83|0x00000005cc400000, 0x00000005cc400000, 0x00000005cc600000|  0%| F|  |TS  0|AC  0|TAMS 0x00000005cc400000, 0x00000005cc400000|
|  84|0x00000005cc600000, 0x00000005cc600000, 0x00000005cc800000|  0%| F|  |TS  0|AC  0|TAMS 0x00000005cc600000, 0x00000005cc600000|
|  85|0x00000005cc800000, 0x00000005cc800000, 0x00000005cca00000|  0%| F|  |TS  0|AC  0|TAMS 0x00000005cc800000, 0x00000005cc800000|
|  86|0x00000005cca00000, 0x00000005cca00000, 0x00000005ccc00000|  0%| F|  |TS  0|AC  0|TAMS 0x00000005cca00000, 0x00000005cca00000|
|  87|0x00000005ccc00000, 0x00000005ccc00000, 0x00000005cce00000|  0%| F|  |TS  0|AC  0|TAMS 0x00000005ccc00000, 0x00000005ccc00000|
|  88|0x00000005cce00000, 0x00000005cce00000, 0x00000005cd000000|  0%| F|  |TS  0|AC  0|TAMS 0x00000005cce00000, 0x00000005cce00000|
|  89|0x00000005cd000000, 0x00000005cd000000, 0x00000005cd200000|  0%| F|  |TS  0|AC  0|TAMS 0x00000005cd000000, 0x00000005cd000000|
|  90|0x00000005cd200000, 0x00000005cd200000, 0x00000005cd400000|  0%| F|  |TS  0|AC  0|TAMS 0x00000005cd200000, 0x00000005cd200000|
|  91|0x00000005cd400000, 0x00000005cd400000, 0x00000005cd600000|  0%| F|  |TS  0|AC  0|TAMS 0x00000005cd400000, 0x00000005cd400000|
|  92|0x00000005cd600000, 0x00000005cd600000, 0x00000005cd800000|  0%| F|  |TS  0|AC  0|TAMS 0x00000005cd600000, 0x00000005cd600000|
|  93|0x00000005cd800000, 0x00000005cd800000, 0x00000005cda00000|  0%| F|  |TS  0|AC  0|TAMS 0x00000005cd800000, 0x00000005cd800000|
|  94|0x00000005cda00000, 0x00000005cda00000, 0x00000005cdc00000|  0%| F|  |TS  0|AC  0|TAMS 0x00000005cda00000, 0x00000005cda00000|
|  95|0x00000005cdc00000, 0x00000005cdc00000, 0x00000005cde00000|  0%| F|  |TS  0|AC  0|TAMS 0x00000005cdc00000, 0x00000005cdc00000|
|  96|0x00000005cde00000, 0x00000005cde00000, 0x00000005ce000000|  0%| F|  |TS  0|AC  0|TAMS 0x00000005cde00000, 0x00000005cde00000|
|  97|0x00000005ce000000, 0x00000005ce000000, 0x00000005ce200000|  0%| F|  |TS  0|AC  0|TAMS 0x00000005ce000000, 0x00000005ce000000|
|  98|0x00000005ce200000, 0x00000005ce200000, 0x00000005ce400000|  0%| F|  |TS  0|AC  0|TAMS 0x00000005ce200000, 0x00000005ce200000|
|  99|0x00000005ce400000, 0x00000005ce400000, 0x00000005ce600000|  0%| F|  |TS  0|AC  0|TAMS 0x00000005ce400000, 0x00000005ce400000|
| 100|0x00000005ce600000, 0x00000005ce600000, 0x00000005ce800000|  0%| F|  |TS  0|AC  0|TAMS 0x00000005ce600000, 0x00000005ce600000|
| 101|0x00000005ce800000, 0x00000005ce800000, 0x00000005cea00000|  0%| F|  |TS  0|AC  0|TAMS 0x00000005ce800000, 0x00000005ce800000|
| 102|0x00000005cea00000, 0x00000005cea00000, 0x00000005cec00000|  0%| F|  |TS  0|AC  0|TAMS 0x00000005cea00000, 0x00000005cea00000|
| 103|0x00000005cec00000, 0x00000005cec00000, 0x00000005cee00000|  0%| F|  |TS  0|AC  0|TAMS 0x00000005cec00000, 0x00000005cec00000|
| 104|0x00000005cee00000, 0x00000005cee00000, 0x00000005cf000000|  0%| F|  |TS  0|AC  0|TAMS 0x00000005cee00000, 0x00000005cee00000|
| 105|0x00000005cf000000, 0x00000005cf000000, 0x00000005cf200000|  0%| F|  |TS  0|AC  0|TAMS 0x00000005cf000000, 0x00000005cf000000|
| 106|0x00000005cf200000, 0x00000005cf200000, 0x00000005cf400000|  0%| F|  |TS  0|AC  0|TAMS 0x00000005cf200000, 0x00000005cf200000|
| 107|0x00000005cf400000, 0x00000005cf400000, 0x00000005cf600000|  0%| F|  |TS  0|AC  0|TAMS 0x00000005cf400000, 0x00000005cf400000|
| 108|0x00000005cf600000, 0x00000005cf600000, 0x00000005cf800000|  0%| F|  |TS  0|AC  0|TAMS 0x00000005cf600000, 0x00000005cf600000|
| 109|0x00000005cf800000, 0x00000005cf800000, 0x00000005cfa00000|  0%| F|  |TS  0|AC  0|TAMS 0x00000005cf800000, 0x00000005cf800000|
| 110|0x00000005cfa00000, 0x00000005cfa00000, 0x00000005cfc00000|  0%| F|  |TS  0|AC  0|TAMS 0x00000005cfa00000, 0x00000005cfa00000|
| 111|0x00000005cfc00000, 0x00000005cfc00000, 0x00000005cfe00000|  0%| F|  |TS  0|AC  0|TAMS 0x00000005cfc00000, 0x00000005cfc00000|
| 112|0x00000005cfe00000, 0x00000005cfe00000, 0x00000005d0000000|  0%| F|  |TS  0|AC  0|TAMS 0x00000005cfe00000, 0x00000005cfe00000|
| 113|0x00000005d0000000, 0x00000005d0000000, 0x00000005d0200000|  0%| F|  |TS  0|AC  0|TAMS 0x00000005d0000000, 0x00000005d0000000|
| 114|0x00000005d0200000, 0x00000005d0200000, 0x00000005d0400000|  0%| F|  |TS  0|AC  0|TAMS 0x00000005d0200000, 0x00000005d0200000|
| 115|0x00000005d0400000, 0x00000005d0400000, 0x00000005d0600000|  0%| F|  |TS  0|AC  0|TAMS 0x00000005d0400000, 0x00000005d0400000|
| 116|0x00000005d0600000, 0x00000005d0600000, 0x00000005d0800000|  0%| F|  |TS  0|AC  0|TAMS 0x00000005d0600000, 0x00000005d0600000|
| 117|0x00000005d0800000, 0x00000005d0800000, 0x00000005d0a00000|  0%| F|  |TS  0|AC  0|TAMS 0x00000005d0800000, 0x00000005d0800000|
| 118|0x00000005d0a00000, 0x00000005d0a00000, 0x00000005d0c00000|  0%| F|  |TS  0|AC  0|TAMS 0x00000005d0a00000, 0x00000005d0a00000|
| 119|0x00000005d0c00000, 0x00000005d0c00000, 0x00000005d0e00000|  0%| F|  |TS  0|AC  0|TAMS 0x00000005d0c00000, 0x00000005d0c00000|
| 120|0x00000005d0e00000, 0x00000005d0e00000, 0x00000005d1000000|  0%| F|  |TS  0|AC  0|TAMS 0x00000005d0e00000, 0x00000005d0e00000|
| 121|0x00000005d1000000, 0x00000005d1000000, 0x00000005d1200000|  0%| F|  |TS  0|AC  0|TAMS 0x00000005d1000000, 0x00000005d1000000|
| 122|0x00000005d1200000, 0x00000005d1200000, 0x00000005d1400000|  0%| F|  |TS  0|AC  0|TAMS 0x00000005d1200000, 0x00000005d1200000|
| 123|0x00000005d1400000, 0x00000005d1400000, 0x00000005d1600000|  0%| F|  |TS  0|AC  0|TAMS 0x00000005d1400000, 0x00000005d1400000|
| 124|0x00000005d1600000, 0x00000005d1600000, 0x00000005d1800000|  0%| F|  |TS  0|AC  0|TAMS 0x00000005d1600000, 0x00000005d1600000|
| 125|0x00000005d1800000, 0x00000005d1800000, 0x00000005d1a00000|  0%| F|  |TS  0|AC  0|TAMS 0x00000005d1800000, 0x00000005d1800000|
| 126|0x00000005d1a00000, 0x00000005d1a00000, 0x00000005d1c00000|  0%| F|  |TS  0|AC  0|TAMS 0x00000005d1a00000, 0x00000005d1a00000|
| 127|0x00000005d1c00000, 0x00000005d1c00000, 0x00000005d1e00000|  0%| F|  |TS  0|AC  0|TAMS 0x00000005d1c00000, 0x00000005d1c00000|
| 128|0x00000005d1e00000, 0x00000005d1e00000, 0x00000005d2000000|  0%| F|  |TS  0|AC  0|TAMS 0x00000005d1e00000, 0x00000005d1e00000|
| 129|0x00000005d2000000, 0x00000005d2000000, 0x00000005d2200000|  0%| F|  |TS  0|AC  0|TAMS 0x00000005d2000000, 0x00000005d2000000|
| 130|0x00000005d2200000, 0x00000005d2200000, 0x00000005d2400000|  0%| F|  |TS  0|AC  0|TAMS 0x00000005d2200000, 0x00000005d2200000|
| 131|0x00000005d2400000, 0x00000005d2400000, 0x00000005d2600000|  0%| F|  |TS  0|AC  0|TAMS 0x00000005d2400000, 0x00000005d2400000|
| 132|0x00000005d2600000, 0x00000005d2600000, 0x00000005d2800000|  0%| F|  |TS  0|AC  0|TAMS 0x00000005d2600000, 0x00000005d2600000|
| 133|0x00000005d2800000, 0x00000005d2800000, 0x00000005d2a00000|  0%| F|  |TS  0|AC  0|TAMS 0x00000005d2800000, 0x00000005d2800000|
| 134|0x00000005d2a00000, 0x00000005d2a00000, 0x00000005d2c00000|  0%| F|  |TS  0|AC  0|TAMS 0x00000005d2a00000, 0x00000005d2a00000|
| 135|0x00000005d2c00000, 0x00000005d2c00000, 0x00000005d2e00000|  0%| F|  |TS  0|AC  0|TAMS 0x00000005d2c00000, 0x00000005d2c00000|
| 136|0x00000005d2e00000, 0x00000005d2e00000, 0x00000005d3000000|  0%| F|  |TS  0|AC  0|TAMS 0x00000005d2e00000, 0x00000005d2e00000|
| 137|0x00000005d3000000, 0x00000005d3000000, 0x00000005d3200000|  0%| F|  |TS  0|AC  0|TAMS 0x00000005d3000000, 0x00000005d3000000|
| 138|0x00000005d3200000, 0x00000005d3200000, 0x00000005d3400000|  0%| F|  |TS  0|AC  0|TAMS 0x00000005d3200000, 0x00000005d3200000|
| 139|0x00000005d3400000, 0x00000005d3400000, 0x00000005d3600000|  0%| F|  |TS  0|AC  0|TAMS 0x00000005d3400000, 0x00000005d3400000|
| 140|0x00000005d3600000, 0x00000005d3600000, 0x00000005d3800000|  0%| F|  |TS  0|AC  0|TAMS 0x00000005d3600000, 0x00000005d3600000|
| 141|0x00000005d3800000, 0x00000005d3800000, 0x00000005d3a00000|  0%| F|  |TS  0|AC  0|TAMS 0x00000005d3800000, 0x00000005d3800000|
| 142|0x00000005d3a00000, 0x00000005d3a00000, 0x00000005d3c00000|  0%| F|  |TS  0|AC  0|TAMS 0x00000005d3a00000, 0x00000005d3a00000|
| 143|0x00000005d3c00000, 0x00000005d3c00000, 0x00000005d3e00000|  0%| F|  |TS  0|AC  0|TAMS 0x00000005d3c00000, 0x00000005d3c00000|
| 144|0x00000005d3e00000, 0x00000005d3e00000, 0x00000005d4000000|  0%| F|  |TS  0|AC  0|TAMS 0x00000005d3e00000, 0x00000005d3e00000|
| 145|0x00000005d4000000, 0x00000005d4000000, 0x00000005d4200000|  0%| F|  |TS  0|AC  0|TAMS 0x00000005d4000000, 0x00000005d4000000|
| 146|0x00000005d4200000, 0x00000005d4200000, 0x00000005d4400000|  0%| F|  |TS  0|AC  0|TAMS 0x00000005d4200000, 0x00000005d4200000|
| 147|0x00000005d4400000, 0x00000005d4400000, 0x00000005d4600000|  0%| F|  |TS  0|AC  0|TAMS 0x00000005d4400000, 0x00000005d4400000|
| 148|0x00000005d4600000, 0x00000005d4600000, 0x00000005d4800000|  0%| F|  |TS  0|AC  0|TAMS 0x00000005d4600000, 0x00000005d4600000|
| 149|0x00000005d4800000, 0x00000005d4800000, 0x00000005d4a00000|  0%| F|  |TS  0|AC  0|TAMS 0x00000005d4800000, 0x00000005d4800000|
| 150|0x00000005d4a00000, 0x00000005d4a00000, 0x00000005d4c00000|  0%| F|  |TS  0|AC  0|TAMS 0x00000005d4a00000, 0x00000005d4a00000|
| 151|0x00000005d4c00000, 0x00000005d4c00000, 0x00000005d4e00000|  0%| F|  |TS  0|AC  0|TAMS 0x00000005d4c00000, 0x00000005d4c00000|
| 152|0x00000005d4e00000, 0x00000005d4e00000, 0x00000005d5000000|  0%| F|  |TS  0|AC  0|TAMS 0x00000005d4e00000, 0x00000005d4e00000|
| 153|0x00000005d5000000, 0x00000005d5000000, 0x00000005d5200000|  0%| F|  |TS  0|AC  0|TAMS 0x00000005d5000000, 0x00000005d5000000|
| 154|0x00000005d5200000, 0x00000005d5200000, 0x00000005d5400000|  0%| F|  |TS  0|AC  0|TAMS 0x00000005d5200000, 0x00000005d5200000|
| 155|0x00000005d5400000, 0x00000005d5400000, 0x00000005d5600000|  0%| F|  |TS  0|AC  0|TAMS 0x00000005d5400000, 0x00000005d5400000|
| 156|0x00000005d5600000, 0x00000005d5600000, 0x00000005d5800000|  0%| F|  |TS  0|AC  0|TAMS 0x00000005d5600000, 0x00000005d5600000|
| 157|0x00000005d5800000, 0x00000005d5800000, 0x00000005d5a00000|  0%| F|  |TS  0|AC  0|TAMS 0x00000005d5800000, 0x00000005d5800000|
| 158|0x00000005d5a00000, 0x00000005d5a00000, 0x00000005d5c00000|  0%| F|  |TS  0|AC  0|TAMS 0x00000005d5a00000, 0x00000005d5a00000|
| 159|0x00000005d5c00000, 0x00000005d5c00000, 0x00000005d5e00000|  0%| F|  |TS  0|AC  0|TAMS 0x00000005d5c00000, 0x00000005d5c00000|
| 160|0x00000005d5e00000, 0x00000005d5e00000, 0x00000005d6000000|  0%| F|  |TS  0|AC  0|TAMS 0x00000005d5e00000, 0x00000005d5e00000|
| 161|0x00000005d6000000, 0x00000005d6000000, 0x00000005d6200000|  0%| F|  |TS  0|AC  0|TAMS 0x00000005d6000000, 0x00000005d6000000|
| 162|0x00000005d6200000, 0x00000005d6200000, 0x00000005d6400000|  0%| F|  |TS  0|AC  0|TAMS 0x00000005d6200000, 0x00000005d6200000|
| 163|0x00000005d6400000, 0x00000005d6400000, 0x00000005d6600000|  0%| F|  |TS  0|AC  0|TAMS 0x00000005d6400000, 0x00000005d6400000|
| 164|0x00000005d6600000, 0x00000005d6600000, 0x00000005d6800000|  0%| F|  |TS  0|AC  0|TAMS 0x00000005d6600000, 0x00000005d6600000|
| 165|0x00000005d6800000, 0x00000005d6800000, 0x00000005d6a00000|  0%| F|  |TS  0|AC  0|TAMS 0x00000005d6800000, 0x00000005d6800000|
| 166|0x00000005d6a00000, 0x00000005d6a00000, 0x00000005d6c00000|  0%| F|  |TS  0|AC  0|TAMS 0x00000005d6a00000, 0x00000005d6a00000|
| 167|0x00000005d6c00000, 0x00000005d6c00000, 0x00000005d6e00000|  0%| F|  |TS  0|AC  0|TAMS 0x00000005d6c00000, 0x00000005d6c00000|
| 168|0x00000005d6e00000, 0x00000005d6e00000, 0x00000005d7000000|  0%| F|  |TS  0|AC  0|TAMS 0x00000005d6e00000, 0x00000005d6e00000|
| 169|0x00000005d7000000, 0x00000005d7000000, 0x00000005d7200000|  0%| F|  |TS  0|AC  0|TAMS 0x00000005d7000000, 0x00000005d7000000|
| 170|0x00000005d7200000, 0x00000005d7200000, 0x00000005d7400000|  0%| F|  |TS  0|AC  0|TAMS 0x00000005d7200000, 0x00000005d7200000|
| 171|0x00000005d7400000, 0x00000005d7400000, 0x00000005d7600000|  0%| F|  |TS  0|AC  0|TAMS 0x00000005d7400000, 0x00000005d7400000|
| 172|0x00000005d7600000, 0x00000005d7600000, 0x00000005d7800000|  0%| F|  |TS  0|AC  0|TAMS 0x00000005d7600000, 0x00000005d7600000|
| 173|0x00000005d7800000, 0x00000005d7800000, 0x00000005d7a00000|  0%| F|  |TS  0|AC  0|TAMS 0x00000005d7800000, 0x00000005d7800000|
| 174|0x00000005d7a00000, 0x00000005d7a00000, 0x00000005d7c00000|  0%| F|  |TS  0|AC  0|TAMS 0x00000005d7a00000, 0x00000005d7a00000|
| 175|0x00000005d7c00000, 0x00000005d7c00000, 0x00000005d7e00000|  0%| F|  |TS  0|AC  0|TAMS 0x00000005d7c00000, 0x00000005d7c00000|
| 176|0x00000005d7e00000, 0x00000005d7e00000, 0x00000005d8000000|  0%| F|  |TS  0|AC  0|TAMS 0x00000005d7e00000, 0x00000005d7e00000|
| 177|0x00000005d8000000, 0x00000005d8000000, 0x00000005d8200000|  0%| F|  |TS  0|AC  0|TAMS 0x00000005d8000000, 0x00000005d8000000|
| 178|0x00000005d8200000, 0x00000005d8200000, 0x00000005d8400000|  0%| F|  |TS  0|AC  0|TAMS 0x00000005d8200000, 0x00000005d8200000|
| 179|0x00000005d8400000, 0x00000005d8400000, 0x00000005d8600000|  0%| F|  |TS  0|AC  0|TAMS 0x00000005d8400000, 0x00000005d8400000|
| 180|0x00000005d8600000, 0x00000005d8600000, 0x00000005d8800000|  0%| F|  |TS  0|AC  0|TAMS 0x00000005d8600000, 0x00000005d8600000|
| 181|0x00000005d8800000, 0x00000005d8800000, 0x00000005d8a00000|  0%| F|  |TS  0|AC  0|TAMS 0x00000005d8800000, 0x00000005d8800000|
| 182|0x00000005d8a00000, 0x00000005d8a00000, 0x00000005d8c00000|  0%| F|  |TS  0|AC  0|TAMS 0x00000005d8a00000, 0x00000005d8a00000|
| 183|0x00000005d8c00000, 0x00000005d8c00000, 0x00000005d8e00000|  0%| F|  |TS  0|AC  0|TAMS 0x00000005d8c00000, 0x00000005d8c00000|
| 184|0x00000005d8e00000, 0x00000005d8e00000, 0x00000005d9000000|  0%| F|  |TS  0|AC  0|TAMS 0x00000005d8e00000, 0x00000005d8e00000|
| 185|0x00000005d9000000, 0x00000005d9000000, 0x00000005d9200000|  0%| F|  |TS  0|AC  0|TAMS 0x00000005d9000000, 0x00000005d9000000|
| 186|0x00000005d9200000, 0x00000005d9200000, 0x00000005d9400000|  0%| F|  |TS  0|AC  0|TAMS 0x00000005d9200000, 0x00000005d9200000|
| 187|0x00000005d9400000, 0x00000005d9400000, 0x00000005d9600000|  0%| F|  |TS  0|AC  0|TAMS 0x00000005d9400000, 0x00000005d9400000|
| 188|0x00000005d9600000, 0x00000005d9600000, 0x00000005d9800000|  0%| F|  |TS  0|AC  0|TAMS 0x00000005d9600000, 0x00000005d9600000|
| 189|0x00000005d9800000, 0x00000005d9800000, 0x00000005d9a00000|  0%| F|  |TS  0|AC  0|TAMS 0x00000005d9800000, 0x00000005d9800000|
| 190|0x00000005d9a00000, 0x00000005d9a00000, 0x00000005d9c00000|  0%| F|  |TS  0|AC  0|TAMS 0x00000005d9a00000, 0x00000005d9a00000|
| 191|0x00000005d9c00000, 0x00000005d9c00000, 0x00000005d9e00000|  0%| F|  |TS  0|AC  0|TAMS 0x00000005d9c00000, 0x00000005d9c00000|
| 192|0x00000005d9e00000, 0x00000005d9e00000, 0x00000005da000000|  0%| F|  |TS  0|AC  0|TAMS 0x00000005d9e00000, 0x00000005d9e00000|
| 193|0x00000005da000000, 0x00000005da000000, 0x00000005da200000|  0%| F|  |TS  0|AC  0|TAMS 0x00000005da000000, 0x00000005da000000|
| 194|0x00000005da200000, 0x00000005da200000, 0x00000005da400000|  0%| F|  |TS  0|AC  0|TAMS 0x00000005da200000, 0x00000005da200000|
| 195|0x00000005da400000, 0x00000005da400000, 0x00000005da600000|  0%| F|  |TS  0|AC  0|TAMS 0x00000005da400000, 0x00000005da400000|
| 196|0x00000005da600000, 0x00000005da600000, 0x00000005da800000|  0%| F|  |TS  0|AC  0|TAMS 0x00000005da600000, 0x00000005da600000|
| 197|0x00000005da800000, 0x00000005da800000, 0x00000005daa00000|  0%| F|  |TS  0|AC  0|TAMS 0x00000005da800000, 0x00000005da800000|
| 198|0x00000005daa00000, 0x00000005daa00000, 0x00000005dac00000|  0%| F|  |TS  0|AC  0|TAMS 0x00000005daa00000, 0x00000005daa00000|
| 199|0x00000005dac00000, 0x00000005dac00000, 0x00000005dae00000|  0%| F|  |TS  0|AC  0|TAMS 0x00000005dac00000, 0x00000005dac00000|
| 200|0x00000005dae00000, 0x00000005dae00000, 0x00000005db000000|  0%| F|  |TS  0|AC  0|TAMS 0x00000005dae00000, 0x00000005dae00000|
| 201|0x00000005db000000, 0x00000005db000000, 0x00000005db200000|  0%| F|  |TS  0|AC  0|TAMS 0x00000005db000000, 0x00000005db000000|
| 202|0x00000005db200000, 0x00000005db200000, 0x00000005db400000|  0%| F|  |TS  0|AC  0|TAMS 0x00000005db200000, 0x00000005db200000|
| 203|0x00000005db400000, 0x00000005db400000, 0x00000005db600000|  0%| F|  |TS  0|AC  0|TAMS 0x00000005db400000, 0x00000005db400000|
| 204|0x00000005db600000, 0x00000005db600000, 0x00000005db800000|  0%| F|  |TS  0|AC  0|TAMS 0x00000005db600000, 0x00000005db600000|
| 205|0x00000005db800000, 0x00000005db800000, 0x00000005dba00000|  0%| F|  |TS  0|AC  0|TAMS 0x00000005db800000, 0x00000005db800000|
| 206|0x00000005dba00000, 0x00000005dba00000, 0x00000005dbc00000|  0%| F|  |TS  0|AC  0|TAMS 0x00000005dba00000, 0x00000005dba00000|
| 207|0x00000005dbc00000, 0x00000005dbc00000, 0x00000005dbe00000|  0%| F|  |TS  0|AC  0|TAMS 0x00000005dbc00000, 0x00000005dbc00000|
| 208|0x00000005dbe00000, 0x00000005dbe00000, 0x00000005dc000000|  0%| F|  |TS  0|AC  0|TAMS 0x00000005dbe00000, 0x00000005dbe00000|
| 209|0x00000005dc000000, 0x00000005dc000000, 0x00000005dc200000|  0%| F|  |TS  0|AC  0|TAMS 0x00000005dc000000, 0x00000005dc000000|
| 210|0x00000005dc200000, 0x00000005dc200000, 0x00000005dc400000|  0%| F|  |TS  0|AC  0|TAMS 0x00000005dc200000, 0x00000005dc200000|
| 211|0x00000005dc400000, 0x00000005dc400000, 0x00000005dc600000|  0%| F|  |TS  0|AC  0|TAMS 0x00000005dc400000, 0x00000005dc400000|
| 212|0x00000005dc600000, 0x00000005dc600000, 0x00000005dc800000|  0%| F|  |TS  0|AC  0|TAMS 0x00000005dc600000, 0x00000005dc600000|
| 213|0x00000005dc800000, 0x00000005dc800000, 0x00000005dca00000|  0%| F|  |TS  0|AC  0|TAMS 0x00000005dc800000, 0x00000005dc800000|
| 214|0x00000005dca00000, 0x00000005dca00000, 0x00000005dcc00000|  0%| F|  |TS  0|AC  0|TAMS 0x00000005dca00000, 0x00000005dca00000|
| 215|0x00000005dcc00000, 0x00000005dcc00000, 0x00000005dce00000|  0%| F|  |TS  0|AC  0|TAMS 0x00000005dcc00000, 0x00000005dcc00000|
| 216|0x00000005dce00000, 0x00000005dce00000, 0x00000005dd000000|  0%| F|  |TS  0|AC  0|TAMS 0x00000005dce00000, 0x00000005dce00000|
| 217|0x00000005dd000000, 0x00000005dd000000, 0x00000005dd200000|  0%| F|  |TS  0|AC  0|TAMS 0x00000005dd000000, 0x00000005dd000000|
| 218|0x00000005dd200000, 0x00000005dd200000, 0x00000005dd400000|  0%| F|  |TS  0|AC  0|TAMS 0x00000005dd200000, 0x00000005dd200000|
| 219|0x00000005dd400000, 0x00000005dd400000, 0x00000005dd600000|  0%| F|  |TS  0|AC  0|TAMS 0x00000005dd400000, 0x00000005dd400000|
| 220|0x00000005dd600000, 0x00000005dd600000, 0x00000005dd800000|  0%| F|  |TS  0|AC  0|TAMS 0x00000005dd600000, 0x00000005dd600000|
| 221|0x00000005dd800000, 0x00000005dd800000, 0x00000005dda00000|  0%| F|  |TS  0|AC  0|TAMS 0x00000005dd800000, 0x00000005dd800000|
| 222|0x00000005dda00000, 0x00000005dda00000, 0x00000005ddc00000|  0%| F|  |TS  0|AC  0|TAMS 0x00000005dda00000, 0x00000005dda00000|
| 223|0x00000005ddc00000, 0x00000005ddc00000, 0x00000005dde00000|  0%| F|  |TS  0|AC  0|TAMS 0x00000005ddc00000, 0x00000005ddc00000|
| 224|0x00000005dde00000, 0x00000005dde00000, 0x00000005de000000|  0%| F|  |TS  0|AC  0|TAMS 0x00000005dde00000, 0x00000005dde00000|
| 225|0x00000005de000000, 0x00000005de000000, 0x00000005de200000|  0%| F|  |TS  0|AC  0|TAMS 0x00000005de000000, 0x00000005de000000|
| 226|0x00000005de200000, 0x00000005de200000, 0x00000005de400000|  0%| F|  |TS  0|AC  0|TAMS 0x00000005de200000, 0x00000005de200000|
| 227|0x00000005de400000, 0x00000005de400000, 0x00000005de600000|  0%| F|  |TS  0|AC  0|TAMS 0x00000005de400000, 0x00000005de400000|
| 228|0x00000005de600000, 0x00000005de600000, 0x00000005de800000|  0%| F|  |TS  0|AC  0|TAMS 0x00000005de600000, 0x00000005de600000|
| 229|0x00000005de800000, 0x00000005de800000, 0x00000005dea00000|  0%| F|  |TS  0|AC  0|TAMS 0x00000005de800000, 0x00000005de800000|
| 230|0x00000005dea00000, 0x00000005dea00000, 0x00000005dec00000|  0%| F|  |TS  0|AC  0|TAMS 0x00000005dea00000, 0x00000005dea00000|
| 231|0x00000005dec00000, 0x00000005dec00000, 0x00000005dee00000|  0%| F|  |TS  0|AC  0|TAMS 0x00000005dec00000, 0x00000005dec00000|
| 232|0x00000005dee00000, 0x00000005dee00000, 0x00000005df000000|  0%| F|  |TS  0|AC  0|TAMS 0x00000005dee00000, 0x00000005dee00000|
| 233|0x00000005df000000, 0x00000005df000000, 0x00000005df200000|  0%| F|  |TS  0|AC  0|TAMS 0x00000005df000000, 0x00000005df000000|
| 234|0x00000005df200000, 0x00000005df200000, 0x00000005df400000|  0%| F|  |TS  0|AC  0|TAMS 0x00000005df200000, 0x00000005df200000|
| 235|0x00000005df400000, 0x00000005df400000, 0x00000005df600000|  0%| F|  |TS  0|AC  0|TAMS 0x00000005df400000, 0x00000005df400000|
| 236|0x00000005df600000, 0x00000005df600000, 0x00000005df800000|  0%| F|  |TS  0|AC  0|TAMS 0x00000005df600000, 0x00000005df600000|
| 237|0x00000005df800000, 0x00000005df800000, 0x00000005dfa00000|  0%| F|  |TS  0|AC  0|TAMS 0x00000005df800000, 0x00000005df800000|
| 238|0x00000005dfa00000, 0x00000005dfa00000, 0x00000005dfc00000|  0%| F|  |TS  0|AC  0|TAMS 0x00000005dfa00000, 0x00000005dfa00000|
| 239|0x00000005dfc00000, 0x00000005dfc00000, 0x00000005dfe00000|  0%| F|  |TS  0|AC  0|TAMS 0x00000005dfc00000, 0x00000005dfc00000|
| 240|0x00000005dfe00000, 0x00000005dfe00000, 0x00000005e0000000|  0%| F|  |TS  0|AC  0|TAMS 0x00000005dfe00000, 0x00000005dfe00000|
| 241|0x00000005e0000000, 0x00000005e0000000, 0x00000005e0200000|  0%| F|  |TS  0|AC  0|TAMS 0x00000005e0000000, 0x00000005e0000000|
| 242|0x00000005e0200000, 0x00000005e0200000, 0x00000005e0400000|  0%| F|  |TS  0|AC  0|TAMS 0x00000005e0200000, 0x00000005e0200000|
| 243|0x00000005e0400000, 0x00000005e0400000, 0x00000005e0600000|  0%| F|  |TS  0|AC  0|TAMS 0x00000005e0400000, 0x00000005e0400000|
| 244|0x00000005e0600000, 0x00000005e0600000, 0x00000005e0800000|  0%| F|  |TS  0|AC  0|TAMS 0x00000005e0600000, 0x00000005e0600000|
| 245|0x00000005e0800000, 0x00000005e0800000, 0x00000005e0a00000|  0%| F|  |TS  0|AC  0|TAMS 0x00000005e0800000, 0x00000005e0800000|
| 246|0x00000005e0a00000, 0x00000005e0a00000, 0x00000005e0c00000|  0%| F|  |TS  0|AC  0|TAMS 0x00000005e0a00000, 0x00000005e0a00000|
| 247|0x00000005e0c00000, 0x00000005e0c55448, 0x00000005e0e00000| 16%| S|  |TS  1|AC  0|TAMS 0x00000005e0c00000, 0x00000005e0c00000|
| 248|0x00000005e0e00000, 0x00000005e0fecca0, 0x00000005e1000000| 96%| E|CS|TS  0|AC  0|TAMS 0x00000005e0e00000, 0x00000005e0fecca0|
| 249|0x00000005e1000000, 0x00000005e1200000, 0x00000005e1200000|100%| E|CS|TS  0|AC  0|TAMS 0x00000005e1000000, 0x00000005e1200000|
| 250|0x00000005e1200000, 0x00000005e1400000, 0x00000005e1400000|100%| E|CS|TS  0|AC  0|TAMS 0x00000005e1200000, 0x00000005e1400000|
| 251|0x00000005e1400000, 0x00000005e1600000, 0x00000005e1600000|100%| E|CS|TS  0|AC  0|TAMS 0x00000005e1400000, 0x00000005e1600000|
| 252|0x00000005e1600000, 0x00000005e1800000, 0x00000005e1800000|100%| E|CS|TS  0|AC  0|TAMS 0x00000005e1600000, 0x00000005e1800000|
| 253|0x00000005e1800000, 0x00000005e1a00000, 0x00000005e1a00000|100%| E|CS|TS  0|AC  0|TAMS 0x00000005e1800000, 0x00000005e1a00000|
| 254|0x00000005e1a00000, 0x00000005e1c00000, 0x00000005e1c00000|100%| E|CS|TS  0|AC  0|TAMS 0x00000005e1a00000, 0x00000005e1c00000|
| 255|0x00000005e1c00000, 0x00000005e1e00000, 0x00000005e1e00000|100%| E|CS|TS  0|AC  0|TAMS 0x00000005e1c00000, 0x00000005e1e00000|

Card table byte_map: [0x0000000005800000,0x0000000006800000] byte_map_base: 0x00000000029f1000

Marking Bits (Prev, Next): (CMBitMap*) 0x00000000078889f0, (CMBitMap*) 0x0000000007888a28
 Prev Bits: [0x0000000022aa0000, 0x000000002aa28000)
 Next Bits: [0x000000002aa30000, 0x00000000329b8000)

Polling page: 0x0000000000080000

CodeHeap 'non-profiled nmethods': size=119168Kb used=295Kb max_used=295Kb free=118872Kb
 bounds [0x000000001b640000, 0x000000001b8b0000, 0x0000000022aa0000]
CodeHeap 'profiled nmethods': size=119168Kb used=1984Kb max_used=1984Kb free=117183Kb
 bounds [0x00000000141e0000, 0x0000000014450000, 0x000000001b640000]
CodeHeap 'non-nmethods': size=7424Kb used=2758Kb max_used=2787Kb free=4665Kb
 bounds [0x0000000013aa0000, 0x0000000013d60000, 0x00000000141e0000]
 total_blobs=1632 nmethods=1025 adapters=286
 compilation: enabled

Compilation events (10 events):
Event: 0.849 Thread 0x00000000379f2000 1029       3       java.util.jar.JarFile::getManifestFromReference (113 bytes)
Event: 0.851 Thread 0x00000000379f0000 1030       3       java.io.File::<init> (113 bytes)
Event: 0.851 Thread 0x00000000379f2000 nmethod 1029 0x00000000143c8990 code [0x00000000143c8d40, 0x00000000143ca788]
Event: 0.851 Thread 0x00000000379f2000 1031       3       jdk.internal.loader.Resource::<init> (5 bytes)
Event: 0.852 Thread 0x00000000379f2000 nmethod 1031 0x00000000143caf90 code [0x00000000143cb140, 0x00000000143cb2f0]
Event: 0.852 Thread 0x00000000379f0000 nmethod 1030 0x00000000143cb390 code [0x00000000143cb660, 0x00000000143cc0b8]
Event: 0.852 Thread 0x00000000379f2000 1032       3       sun.net.www.protocol.jar.Handler::parseURL (201 bytes)
Event: 0.852 Thread 0x00000000379f0000 1033       3       sun.net.www.protocol.jar.Handler::parseContextSpec (154 bytes)
Event: 0.853 Thread 0x00000000379f2800 nmethod 1028 0x00000000143cc410 code [0x00000000143cc8c0, 0x00000000143cf268]
Event: 0.853 Thread 0x00000000379f2800 1034       3       sun.net.www.protocol.jar.Handler::indexOfBangSlash (52 bytes)

GC Heap History (1 events):
Event: 0.853 GC heap before
{Heap before GC invocations=0 (full 0):
 garbage-first heap   total 524288K, used 14336K [0x00000005c1e00000, 0x00000007c0000000)
  region size 2048K, 8 young (16384K), 0 survivors (0K)
 Metaspace       used 10686K, capacity 10896K, committed 11008K, reserved 1058816K
  class space    used 940K, capacity 997K, committed 1024K, reserved 1048576K
}

Deoptimization events (9 events):
Event: 0.122 Thread 0x00000000022dd800 Uncommon trap: reason=unstable_if action=reinterpret pc=0x000000001b645d78 method=java.lang.String.isLatin1()Z @ 10 c2
Event: 0.130 Thread 0x00000000022dd800 Uncommon trap: reason=unstable_if action=reinterpret pc=0x000000001b643b5c method=java.lang.String.hashCode()I @ 14 c2
Event: 0.333 Thread 0x00000000022dd800 Uncommon trap: reason=unstable_if action=reinterpret pc=0x000000001b64d088 method=java.util.HashMap.putVal(ILjava/lang/Object;Ljava/lang/Object;ZZ)Ljava/lang/Object; @ 69 c2
Event: 0.577 Thread 0x00000000022dd800 Uncommon trap: reason=unstable_if action=reinterpret pc=0x000000001b6720cc method=java.lang.AbstractStringBuilder.putStringAt(ILjava/lang/String;)V @ 8 c2
Event: 0.667 Thread 0x00000000022dd800 Uncommon trap: reason=unstable_fused_if action=reinterpret pc=0x000000001b64ff34 method=java.util.HashMap.resize()[Ljava/util/HashMap$Node; @ 31 c2
Event: 0.686 Thread 0x00000000022dd800 Uncommon trap: reason=unstable_if action=reinterpret pc=0x000000001b655bc8 method=java.lang.StringLatin1.canEncode(I)Z @ 4 c2
Event: 0.686 Thread 0x00000000022dd800 Uncommon trap: reason=unstable_if action=reinterpret pc=0x000000001b657cb0 method=java.lang.AbstractStringBuilder.isLatin1()Z @ 10 c2
Event: 0.689 Thread 0x00000000022dd800 Uncommon trap: reason=unstable_if action=reinterpret pc=0x000000001b65159c method=java.lang.String.charAt(I)C @ 4 c2
Event: 0.703 Thread 0x00000000022dd800 Uncommon trap: reason=unstable_if action=reinterpret pc=0x000000001b66c13c method=java.util.HashMap.putVal(ILjava/lang/Object;Ljava/lang/Object;ZZ)Ljava/lang/Object; @ 81 c2

Classes redefined (0 events):
No events

Internal exceptions (9 events):
Event: 0.271 Thread 0x00000000022dd800 Exception <a 'java/lang/NoSuchMethodError'{0x00000005e1639a88}: java.lang.Object.lambda$union$2(Ljava/util/regex/Pattern$CharPredicate;I)Z> (0x00000005e1639a88) thrown at [t:/workspace/open/src/hotspot/share/interpreter/linkResolver.cpp, line 741]
Event: 0.273 Thread 0x00000000022dd800 Exception <a 'java/lang/NoSuchMethodError'{0x00000005e1646698}: java.lang.Object.lambda$negate$3(I)Z> (0x00000005e1646698) thrown at [t:/workspace/open/src/hotspot/share/interpreter/linkResolver.cpp, line 741]
Event: 0.336 Thread 0x00000000022dd800 Exception <a 'java/lang/NoSuchMethodError'{0x00000005e17774d0}: method resolution failed> (0x00000005e17774d0) thrown at [t:/workspace/open/src/hotspot/share/prims/methodHandles.cpp, line 1226]
Event: 0.337 Thread 0x00000000022dd800 Exception <a 'java/lang/NoSuchMethodError'{0x00000005e177aa00}: java.lang.invoke.DirectMethodHandle$Holder.invokeStaticInit(Ljava/lang/Object;IIII)Ljava/lang/Object;> (0x00000005e177aa00) thrown at [t:/workspace/open/src/hotspot/share/interpreter/linkReso
Event: 0.540 Thread 0x00000000022dd800 Exception <a 'java/lang/NoSuchMethodError'{0x00000005e147c2d8}: method resolution failed> (0x00000005e147c2d8) thrown at [t:/workspace/open/src/hotspot/share/prims/methodHandles.cpp, line 1226]
Event: 0.541 Thread 0x00000000022dd800 Exception <a 'java/lang/NoSuchMethodError'{0x00000005e147f8d0}: java.lang.invoke.DirectMethodHandle$Holder.invokeStaticInit(Ljava/lang/Object;Ljava/lang/Object;IIII)Ljava/lang/Object;> (0x00000005e147f8d0) thrown at [t:/workspace/open/src/hotspot/share/in
Event: 0.672 Thread 0x00000000022dd800 Exception <a 'java/lang/NoSuchMethodError'{0x00000005e12e4b90}: method resolution failed> (0x00000005e12e4b90) thrown at [t:/workspace/open/src/hotspot/share/prims/methodHandles.cpp, line 1226]
Event: 0.678 Thread 0x00000000022dd800 Exception <a 'java/lang/NoSuchMethodError'{0x00000005e12fabb0}: java.lang.invoke.DirectMethodHandle$Holder.invokeStatic(Ljava/lang/Object;Ljava/lang/Object;)I> (0x00000005e12fabb0) thrown at [t:/workspace/open/src/hotspot/share/interpreter/linkResolver.cp
Event: 0.745 Thread 0x00000000022dd800 Exception <a 'java/lang/NoSuchMethodError'{0x00000005e105d2b0}: java.lang.Object.lambda$union$1(Ljava/util/regex/Pattern$CharPredicate;I)Z> (0x00000005e105d2b0) thrown at [t:/workspace/open/src/hotspot/share/interpreter/linkResolver.cpp, line 741]

Events (10 events):
Event: 0.851 loading class org/eclipse/sisu/wire/WireModule done
Event: 0.852 loading class com/google/inject/spi/ElementVisitor
Event: 0.852 loading class com/google/inject/spi/ElementVisitor done
Event: 0.852 loading class org/eclipse/sisu/wire/FileTypeConverter
Event: 0.852 loading class org/eclipse/sisu/wire/FileTypeConverter done
Event: 0.852 loading class org/eclipse/sisu/wire/AbstractTypeConverter
Event: 0.852 loading class org/eclipse/sisu/wire/AbstractTypeConverter done
Event: 0.853 loading class org/eclipse/sisu/wire/URLTypeConverter
Event: 0.853 loading class org/eclipse/sisu/wire/URLTypeConverter done
Event: 0.853 Executing VM operation: CollectForMetadataAllocation


Dynamic libraries:
0x000000013f110000 - 0x000000013f14e000 	C:\Program Files\Java\jdk-10.0.2\bin\java.exe
0x0000000077150000 - 0x00000000772fa000 	C:\Windows\SYSTEM32\ntdll.dll
0x0000000076f30000 - 0x000000007704f000 	C:\Windows\system32\kernel32.dll
0x000007fefce90000 - 0x000007fefcefa000 	C:\Windows\system32\KERNELBASE.dll
0x000007fefec60000 - 0x000007fefed3b000 	C:\Windows\system32\ADVAPI32.dll
0x000007fefe850000 - 0x000007fefe8ef000 	C:\Windows\system32\msvcrt.dll
0x000007fefd200000 - 0x000007fefd21f000 	C:\Windows\SYSTEM32\sechost.dll
0x000007fefd220000 - 0x000007fefd34d000 	C:\Windows\system32\RPCRT4.dll
0x0000000077050000 - 0x000000007714a000 	C:\Windows\system32\USER32.dll
0x000007fefeed0000 - 0x000007fefef37000 	C:\Windows\system32\GDI32.dll
0x000007feff180000 - 0x000007feff18e000 	C:\Windows\system32\LPK.dll
0x000007fefead0000 - 0x000007fefeb9b000 	C:\Windows\system32\USP10.dll
0x000007fefb7e0000 - 0x000007fefb9d4000 	C:\Windows\WinSxS\amd64_microsoft.windows.common-controls_6595b64144ccf1df_6.0.7601.18837_none_fa3b1e3d17594757\COMCTL32.dll
0x000007fefeba0000 - 0x000007fefec11000 	C:\Windows\system32\SHLWAPI.dll
0x000007fefbe80000 - 0x000007fefbe8c000 	C:\Windows\system32\VERSION.dll
0x000007fefec20000 - 0x000007fefec4e000 	C:\Windows\system32\IMM32.DLL
0x000007fefef40000 - 0x000007feff049000 	C:\Windows\system32\MSCTF.dll
0x000007fee4b30000 - 0x000007fee4c1f000 	C:\Program Files\Java\jdk-10.0.2\bin\msvcr120.dll
0x000007fee5d70000 - 0x000007fee5e16000 	C:\Program Files\Java\jdk-10.0.2\bin\msvcp120.dll
0x0000000007d80000 - 0x00000000087f0000 	C:\Program Files\Java\jdk-10.0.2\bin\server\jvm.dll
0x000007fee1ee0000 - 0x000007fee1ee9000 	C:\Windows\system32\WSOCK32.dll
0x000007feff050000 - 0x000007feff09d000 	C:\Windows\system32\WS2_32.dll
0x000007fefec50000 - 0x000007fefec58000 	C:\Windows\system32\NSI.dll
0x000007fef9d50000 - 0x000007fef9d8b000 	C:\Windows\system32\WINMM.dll
0x0000000077320000 - 0x0000000077327000 	C:\Windows\system32\PSAPI.DLL
0x000007feea760000 - 0x000007feea76f000 	C:\Program Files\Java\jdk-10.0.2\bin\verify.dll
0x000007fef7f20000 - 0x000007fef8045000 	C:\Windows\system32\DBGHELP.DLL
0x000007fee8860000 - 0x000007fee8887000 	C:\Program Files\Java\jdk-10.0.2\bin\java.dll
0x000007fee7ab0000 - 0x000007fee7ada000 	C:\Program Files\Java\jdk-10.0.2\bin\instrument.dll
0x000007fee9150000 - 0x000007fee9166000 	C:\Program Files\Java\jdk-10.0.2\bin\zip.dll
0x000007feea030000 - 0x000007feea03a000 	C:\Program Files\Java\jdk-10.0.2\bin\jimage.dll
0x000007fefd350000 - 0x000007fefe0da000 	C:\Windows\system32\SHELL32.dll
0x000007fefe650000 - 0x000007fefe84c000 	C:\Windows\system32\ole32.dll
0x000007fefce40000 - 0x000007fefce4f000 	C:\Windows\system32\profapi.dll
0x000007fee8980000 - 0x000007fee899a000 	C:\Program Files\Java\jdk-10.0.2\bin\net.dll
0x000007fef81a0000 - 0x000007fef8211000 	C:\Windows\system32\WINHTTP.dll
0x000007fef8130000 - 0x000007fef8195000 	C:\Windows\system32\webio.dll
0x000007fefc610000 - 0x000007fefc665000 	C:\Windows\system32\mswsock.dll
0x000007fefc600000 - 0x000007fefc607000 	C:\Windows\System32\wship6.dll
0x000007fee8770000 - 0x000007fee8781000 	C:\Program Files\Java\jdk-10.0.2\bin\nio.dll
0x000007fee7a90000 - 0x000007fee7aaa000 	E:\xkkweb\ide\IntelliJ IDEA Community Edition 2019.2.4\bin\breakgen64.dll
0x000007fefc670000 - 0x000007fefc688000 	C:\Windows\system32\CRYPTSP.dll
0x000007fefc370000 - 0x000007fefc3b7000 	C:\Windows\system32\rsaenh.dll
0x000007fefd150000 - 0x000007fefd16e000 	C:\Windows\system32\USERENV.dll
0x000007fefcce0000 - 0x000007fefccef000 	C:\Windows\system32\CRYPTBASE.dll
0x000007fefa450000 - 0x000007fefa477000 	C:\Windows\system32\IPHLPAPI.DLL
0x000007fefa430000 - 0x000007fefa43b000 	C:\Windows\system32\WINNSI.DLL
0x000007fefa220000 - 0x000007fefa231000 	C:\Windows\system32\dhcpcsvc6.DLL
0x000007fefa240000 - 0x000007fefa258000 	C:\Windows\system32\dhcpcsvc.DLL
0x000007fee7c30000 - 0x000007fee7c3a000 	C:\Users\Administrator\AppData\Local\Temp\jansi-1.17.1-5324052774257108989.dll
0x000007fee79c0000 - 0x000007fee79ca000 	C:\Users\Administrator\AppData\Local\Temp\jansi-1.17.1-12792747644779352383.dll

dbghelp: loaded successfully - version: 4.0.5 - missing functions: none
symbol engine: initialized successfully - sym options: 0x614 - pdb path: .;C:\Program Files\Java\jdk-10.0.2\bin;C:\Windows\SYSTEM32;C:\Windows\WinSxS\amd64_microsoft.windows.common-controls_6595b64144ccf1df_6.0.7601.18837_none_fa3b1e3d17594757;C:\Program Files\Java\jdk-10.0.2\bin\server;E:\xkkweb\ide\IntelliJ IDEA Community Edition 2019.2.4\bin;C:\Users\Administrator\AppData\Local\Temp

VM Arguments:
jvm_args: -Dmaven.multiModuleProjectDirectory=E:\xkkweb\workspace\baoyandao -Dmaven.home=E:\xkkweb\ide\IntelliJ IDEA Community Edition 2019.2.4\plugins\maven\lib\maven3 -Dclassworlds.conf=E:\xkkweb\ide\IntelliJ IDEA Community Edition 2019.2.4\plugins\maven\lib\maven3\bin\m2.conf -Dmaven.ext.class.path=E:\xkkweb\ide\IntelliJ IDEA Community Edition 2019.2.4\plugins\maven\lib\maven-event-listener.jar -javaagent:E:\xkkweb\ide\IntelliJ IDEA Community Edition 2019.2.4\lib\idea_rt.jar=45450:E:\xkkweb\ide\IntelliJ IDEA Community Edition 2019.2.4\bin -Dfile.encoding=UTF-8 
java_command: org.codehaus.classworlds.Launcher -Didea.version2019.2.4 clean
java_class_path (initial): E:\xkkweb\ide\IntelliJ IDEA Community Edition 2019.2.4\plugins\maven\lib\maven3\boot\plexus-classworlds-2.6.0.jar
Launcher Type: SUN_STANDARD

Logging:
Log output configuration:
#0: stdout all=warning uptime,level,tags
#1: stderr all=off uptime,level,tags

Environment Variables:
JAVA_HOME=C:\Program Files\Java\jdk-10.0.2
PATH=C:\Program Files\Mozilla Firefox\geckodriver.exe;C:\Program Files\Java\jdk-10.0.2/bin;D:\Program Files\Basler\pylon 5\Runtime\Win32\;D:\Program Files\Basler\pylon 5\Runtime\x64\;C:\Program Files (x86)\Camera\DVP2\;C:\Program Files (x86)\Camera\DVP2 x64\;C:\Program Files\NVIDIA GPU Computing Toolkit\CUDA\v9.0\bin;C:\Program Files\NVIDIA GPU Computing Toolkit\CUDA\v9.0\libnvvp;C:\Program Files\NVIDIA GPU Computing Toolkit\CUDA\v9.0;C:\Program Files\NVIDIA GPU Computing Toolkit\CUDA\v9.0\lib\x64;C:\ProgramData\NVIDIA Corporation\CUDA Samples\v9.0\bin\Win64;C:\ProgramData\NVIDIA Corporation\CUDA Samples\v9.0\common\lib\x64;C:\ProgramData\NVIDIA Corporation\CUDA Samples\v9.0;C:\ProgramData\Anaconda3;C:\ProgramData\Anaconda3\Library\mingw-w64\bin;C:\ProgramData\Anaconda3\Library\usr\bin;C:\ProgramData\Anaconda3\Library\bin;C:\ProgramData\Anaconda3\Scripts;C:\Windows\system32;C:\Windows;C:\Windows\System32\Wbem;C:\Windows\System32\WindowsPowerShell\v1.0\;C:\Program Files (x86)\NVIDIA Corporation\PhysX\Common;C:\BitFlow SDK 6.20\Bin64;C:\BitFlow SDK 6.20\Bin32;C:\Program Files\CameraLink\Serial;C:\Program Files (x86)\CameraLink\Serial;C:\Users\Administrator\.dnx\bin;C:\Program Files\Microsoft DNX\Dnvm\;C:\Program Files (x86)\Windows Kits\8.1\Windows Performance Toolkit\;C:\Program Files\Graphviz2.38\bin;C:\Program Files\Git\cmd;E:\Emgu3.0\bin;E:\Emgu3.0\bin\x86;E:\Emgu3.0\bin\x64;C:\Program Files (x86)\Microsoft Visual Studio 10.0\Common7\IDE\PrivateAssemblies\;C:\Program Files (x86)\Microsoft SQL Server\110\DTS\Binn\;C:\Program Files (x86)\Google\Chrome\Application\drive;E:\yolo\opencv3.4.2\opencv\build\x64\vc14\bin
USERNAME=Administrator
OS=Windows_NT
PROCESSOR_IDENTIFIER=Intel64 Family 6 Model 79 Stepping 1, GenuineIntel



---------------  S Y S T E M  ---------------

OS: Windows 7 , 64 bit Build 7601 (6.1.7601.23915)

CPU:total 16 (initial active 16) (8 cores per cpu, 2 threads per core) family 6 model 79 stepping 1, cmov, cx8, fxsr, mmx, sse, sse2, sse3, ssse3, sse4.1, sse4.2, popcnt, avx, avx2, aes, clmul, erms, rtm, 3dnowpref, lzcnt, ht, tsc, tscinvbit, bmi1, bmi2, adx, fma

Memory: 4k page, physical 33429144k(10413820k free), swap 41815892k(6948k free)

vm_info: Java HotSpot(TM) 64-Bit Server VM (10.0.2+13) for windows-amd64 JRE (10.0.2+13), built on Jun 28 2018 01:57:56 by "mach5one" with MS VC++ 12.0 (VS2013)

END.
