JvmtiExport can_access_local_variables 0
JvmtiExport can_hotswap_or_post_breakpoint 0
JvmtiExport can_post_on_exceptions 0
# 260 ciObject found
ciMethod java/lang/Object <init> ()V 4097 1 64681 0 0
ciMethod java/lang/Object hashCode ()I 2049 1 256 0 -1
ciMethod java/lang/Object equals (Ljava/lang/Object;)Z 2241 1 279 0 -1
ciMethod java/lang/String equals (Ljava/lang/Object;)Z 2265 1 8103 0 448
ciMethod java/lang/String hashCode ()I 2113 1 12937 0 480
ciMethod java/lang/String toLowerCase ()Ljava/lang/String; 2073 1 471 0 -1
ciMethod java/lang/String coder ()B 2137 1 104073 0 32
ciMethod java/lang/String isLatin1 ()Z 3081 1 163228 0 64
ciMethod java/lang/System arraycopy (Ljava/lang/Object;ILjava/lang/Object;II)V 2049 1 256 0 -1
ciMethod java/lang/OutOfMemoryError <init> ()V 0 0 1 0 -1
ciMethod java/lang/StringBuilder <init> ()V 49 1 3374 0 -1
ciMethod java/lang/StringBuilder append (Ljava/lang/String;)Ljava/lang/StringBuilder; 57 1 6532 0 -1
ciMethod java/lang/StringBuilder append (I)Ljava/lang/StringBuilder; 25 1 105 0 -1
ciMethod java/lang/StringBuilder toString ()Ljava/lang/String; 57 1 3831 0 -1
ciMethod java/net/URL getPort ()I 1033 1 129 0 -1
ciMethod java/net/URL getDefaultPort ()I 2049 1 225 0 -1
ciMethod java/net/URL getProtocol ()Ljava/lang/String; 1089 1 136 0 -1
ciMethod java/net/URL getHost ()Ljava/lang/String; 1025 1 128 0 -1
ciMethod java/net/URL getFile ()Ljava/lang/String; 1249 1 156 0 -1
ciMethod java/util/jar/Manifest getMainAttributes ()Ljava/util/jar/Attributes; 1025 1 128 0 -1
ciMethod java/lang/StringLatin1 equals ([B[B)Z 1929 3097 7262 0 -1
ciMethod java/lang/StringLatin1 hashCode ([B)I 929 18377 2251 0 384
ciMethod java/security/AccessController doPrivileged (Ljava/security/PrivilegedExceptionAction;Ljava/security/AccessControlContext;)Ljava/lang/Object; 2049 1 240 0 -1
ciMethod java/util/Objects checkIndex (II)I 2049 1 6806 0 -1
ciMethod java/util/HashMap hash (Ljava/lang/Object;)I 2113 1 19097 0 160
ciMethod java/util/HashMap getNode (ILjava/lang/Object;)Ljava/util/HashMap$Node; 2465 97 5626 0 512
ciMethod java/util/HashMap containsKey (Ljava/lang/Object;)Z 2073 1 1202 0 0
ciMethod java/util/HashMap put (Ljava/lang/Object;Ljava/lang/Object;)Ljava/lang/Object; 2233 1 6027 0 0
ciMethod java/util/HashMap putVal (ILjava/lang/Object;Ljava/lang/Object;ZZ)Ljava/lang/Object; 2217 321 12497 0 0
ciMethod java/util/HashMap resize ()[Ljava/util/HashMap$Node; 161 3161 1197 0 -1
ciMethod java/util/HashMap treeifyBin ([Ljava/util/HashMap$Node;I)V 0 0 1 0 -1
ciMethod java/util/HashMap newNode (ILjava/lang/Object;Ljava/lang/Object;Ljava/util/HashMap$Node;)Ljava/util/HashMap$Node; 2777 1 9178 0 800
ciMethod java/util/HashMap afterNodeAccess (Ljava/util/HashMap$Node;)V 1025 1 128 0 0
ciMethod java/util/HashMap afterNodeInsertion (Z)V 3345 1 1479 0 0
ciMethod jdk/internal/misc/SharedSecrets javaUtilJarAccess ()Ljdk/internal/misc/JavaUtilJarAccess; 393 1 49 0 -1
ciMethod java/util/Arrays copyOf ([Ljava/lang/Object;I)[Ljava/lang/Object; 649 1 300 0 -1
ciMethod java/lang/Math max (II)I 2081 1 5965 0 -1
ciMethod java/util/HashMap$Node <init> (ILjava/lang/Object;Ljava/lang/Object;Ljava/util/HashMap$Node;)V 2225 1 10014 0 0
ciMethod java/lang/StringUTF16 equals ([B[B)Z 0 0 1 0 -1
ciMethod java/lang/StringUTF16 hashCode ([B)I 0 0 1 0 -1
ciMethodData java/lang/Object <init> ()V 2 64714 orig 312 16 196 81 8 0 0 0 0 0 6 250 54 0 0 0 0 80 1 0 0 0 0 0 0 0 0 0 0 0 0 0 0 0 0 0 0 0 0 0 0 0 0 0 0 0 0 0 0 0 0 0 0 0 0 0 0 0 0 0 0 0 0 0 0 0 0 0 0 0 0 0 0 0 0 0 0 0 0 0 0 77 68 79 32 101 120 116 114 97 32 100 97 116 97 32 108 111 99 107 0 0 0 0 0 0 0 0 0 0 0 0 0 0 0 0 0 0 0 0 0 0 0 0 0 0 0 0 0 0 0 0 0 0 0 0 0 0 0 0 0 0 0 0 0 0 0 0 0 0 0 0 0 0 0 0 0 0 0 0 0 0 0 0 0 0 0 0 0 0 0 0 0 0 0 0 0 0 0 0 0 0 0 0 0 0 0 0 0 0 0 0 0 0 0 0 0 0 0 0 0 0 0 0 0 0 0 0 0 0 0 0 0 0 0 0 0 1 0 0 0 0 0 0 0 1 0 0 0 0 0 0 0 1 0 0 0 0 0 0 0 0 0 0 0 0 0 0 0 0 2 0 0 81 214 7 0 1 0 0 0 0 0 0 0 0 0 0 0 0 0 0 0 248 3 0 0 248 31 0 0 2 0 0 0 0 0 3 0 1 0 0 0 0 0 0 0 0 0 0 0 254 255 255 255 0 0 0 0 0 0 0 0 data 4 0x0 0x9 0x1 0x0 oops 0 methods 0
ciMethodData java/lang/StringLatin1 hashCode ([B)I 2 69465 orig 312 16 196 81 8 0 0 0 0 224 220 11 55 0 0 0 0 160 1 0 0 0 0 0 0 0 0 0 0 0 0 0 0 0 0 0 0 0 0 0 0 0 0 0 0 0 0 0 0 0 0 0 0 0 0 0 0 0 0 0 0 0 0 0 0 0 0 0 0 0 0 0 0 0 0 0 0 0 0 0 0 77 68 79 32 101 120 116 114 97 32 100 97 116 97 32 108 111 99 107 0 0 0 0 0 0 0 0 0 0 0 0 0 0 0 0 0 0 0 0 0 0 0 0 0 0 0 0 0 0 0 0 0 0 0 0 0 0 0 0 0 0 0 0 0 0 0 0 0 0 0 0 0 0 0 0 0 0 0 0 0 0 0 0 0 0 0 0 0 0 0 0 0 0 0 0 0 0 0 0 0 0 0 0 0 0 0 0 0 0 0 0 0 0 0 0 0 0 0 0 0 0 0 0 0 0 0 0 0 0 0 0 0 0 0 0 0 0 0 0 0 0 0 0 0 0 0 0 0 0 0 0 0 0 0 0 0 0 0 0 0 0 0 0 0 0 0 0 0 206 8 0 0 185 66 0 0 1 51 8 0 0 0 0 0 0 0 0 0 0 0 0 0 248 3 0 0 248 31 0 0 2 0 0 0 1 0 6 0 2 0 0 0 0 0 0 0 56 0 0 0 254 255 255 255 7 0 13 0 0 0 0 0 data 14 0xd0007 0x857 0x38 0x10660 0x250003 0x10660 0xffffffffffffffe0 0x0 0x0 0x0 0x0 0x9 0x1 0x0 oops 0 methods 0
ciMethodData java/lang/String isLatin1 ()Z 2 163291 orig 312 16 196 81 8 0 0 0 0 0 151 250 54 0 0 0 0 192 1 0 0 32 0 0 0 0 0 0 0 0 0 0 0 0 0 0 0 0 0 0 0 0 0 0 0 0 0 0 0 0 0 0 0 0 0 0 0 0 0 0 0 0 0 0 0 0 0 0 0 0 0 0 0 0 0 0 0 0 0 0 0 77 68 79 32 101 120 116 114 97 32 100 97 116 97 32 108 111 99 107 0 0 0 0 0 0 0 0 0 0 0 0 0 0 0 0 0 0 0 0 0 0 0 0 0 0 0 0 0 0 0 0 0 0 0 0 0 0 0 0 0 0 0 0 0 1 0 0 0 0 0 0 0 0 0 0 0 0 0 0 0 0 0 0 0 0 0 0 0 0 0 0 0 0 0 0 0 0 0 0 0 0 1 0 0 0 0 0 0 0 0 0 0 0 0 0 0 0 0 0 0 0 0 0 0 0 0 0 0 0 0 0 0 0 0 0 0 0 0 0 0 0 0 0 0 0 0 0 0 0 0 0 0 0 0 0 0 0 0 0 0 0 0 0 0 0 0 0 0 129 1 0 0 209 226 19 0 1 0 0 0 135 41 0 0 0 0 0 0 0 0 0 0 248 3 0 0 248 31 0 0 2 0 0 0 0 0 7 0 2 0 0 0 0 0 0 0 88 0 0 0 254 255 255 255 7 0 3 0 0 0 0 0 data 18 0x30007 0x0 0x58 0x27c5a 0xae007 0x7f 0x38 0x27bdc 0xe0003 0x27bdc 0x18 0x0 0x0 0x0 0x0 0x9 0x1 0x0 oops 0 methods 0
ciMethod java/util/ArrayList grow (I)[Ljava/lang/Object; 97 1 184 0 -1
ciMethod java/util/ArrayList grow ()[Ljava/lang/Object; 97 1 181 0 0
ciMethod java/util/ArrayList newCapacity (I)I 97 1 184 0 -1
ciMethod java/util/ArrayList hugeCapacity (I)I 0 0 1 0 -1
ciMethod java/util/ArrayList size ()I 1169 1 146 0 0
ciMethod java/util/ArrayList elementData (I)Ljava/lang/Object; 2073 1 6075 0 0
ciMethod java/util/ArrayList get (I)Ljava/lang/Object; 2073 1 5858 0 0
ciMethod java/util/ArrayList add (Ljava/lang/Object;[Ljava/lang/Object;I)V 2081 1 1431 0 0
ciMethod java/util/ArrayList add (Ljava/lang/Object;)Z 2073 1 1431 0 0
ciMethodData java/lang/String coder ()B 2 104152 orig 312 16 196 81 8 0 0 0 0 160 149 250 54 0 0 0 0 160 1 0 0 0 0 0 0 0 0 0 0 0 0 0 0 0 0 0 0 0 0 0 0 0 0 0 0 0 0 0 0 0 0 0 0 0 0 0 0 0 0 0 0 0 0 0 0 0 0 0 0 0 0 0 0 0 0 0 0 0 0 0 0 77 68 79 32 101 120 116 114 97 32 100 97 116 97 32 108 111 99 107 0 0 0 0 0 0 0 0 0 0 0 0 0 0 0 0 0 0 0 0 0 0 0 0 0 0 0 0 0 0 0 0 0 0 0 0 0 0 0 0 0 0 0 0 0 0 0 0 0 0 0 0 0 0 0 0 0 0 0 0 0 0 0 0 0 0 0 0 0 0 0 0 0 0 0 0 0 0 0 0 0 0 0 0 0 0 0 0 0 0 0 0 0 0 0 0 0 0 0 0 0 0 0 0 0 0 0 0 0 0 0 0 0 0 0 0 0 0 0 0 0 0 0 0 0 0 0 0 0 0 0 0 0 0 0 0 0 0 0 0 0 0 0 0 0 0 0 0 0 11 1 0 0 105 174 12 0 1 0 0 0 0 0 0 0 0 0 0 0 0 0 0 0 248 3 0 0 248 31 0 0 2 0 0 0 0 0 5 0 2 0 0 0 0 0 0 0 56 0 0 0 254 255 255 255 7 0 3 0 0 0 0 0 data 14 0x30007 0x0 0x38 0x195cd 0xa0003 0x195cd 0x18 0x0 0x0 0x0 0x0 0x9 0x1 0x0 oops 0 methods 0
ciMethodData java/lang/String hashCode ()I 2 12937 orig 312 16 196 81 8 0 0 0 0 120 102 250 54 0 0 0 0 32 2 0 0 32 0 0 0 0 0 0 0 0 0 0 0 0 0 0 0 0 0 0 0 0 0 0 0 0 0 0 0 0 0 0 0 0 0 0 0 0 0 0 0 0 0 0 0 0 0 0 0 0 0 0 0 0 0 0 0 0 0 0 0 77 68 79 32 101 120 116 114 97 32 100 97 116 97 32 108 111 99 107 0 0 0 0 0 0 0 0 0 0 0 0 0 0 0 0 0 0 0 0 0 0 0 0 0 0 0 0 0 0 0 0 0 0 0 0 0 0 0 0 0 0 0 0 0 1 0 0 0 0 0 0 0 0 0 0 0 0 0 0 0 0 0 0 0 0 0 0 0 0 0 0 0 0 0 0 0 0 0 0 0 0 1 0 0 0 0 0 0 0 0 0 0 0 0 0 0 0 0 0 0 0 0 0 0 0 0 0 0 0 0 0 0 0 0 0 0 0 0 0 0 0 0 0 0 0 0 0 0 0 0 0 0 0 0 0 0 0 0 0 0 0 0 0 0 0 0 0 0 8 1 0 0 9 140 1 0 1 0 0 0 208 24 0 0 0 0 0 0 0 0 0 0 248 3 0 0 248 31 0 0 2 0 0 0 1 0 19 0 2 0 0 0 0 0 0 0 168 0 0 0 254 255 255 255 7 0 6 0 0 0 0 0 data 30 0x60007 0x1a8c 0xa8 0x16f5 0xee007 0x68 0x88 0x168e 0x130002 0x168e 0x160007 0x0 0x48 0x168e 0x1d0002 0x168e 0x200003 0x168e 0x28 0x270002 0x0 0x0 0x0 0x0 0x0 